{"/home/travis/build/npmtest/node-npmtest-react-calendar-timeline/test.js":{"path":"/home/travis/build/npmtest/node-npmtest-react-calendar-timeline/test.js","s":{"1":2,"2":2,"3":2,"4":2,"5":2,"6":2,"7":2,"8":1,"9":2,"10":2,"11":1,"12":1,"13":1,"14":1,"15":2,"16":2,"17":2,"18":2,"19":1,"20":1,"21":2,"22":2,"23":2,"24":1,"25":1,"26":1,"27":1,"28":1,"29":1,"30":1,"31":1,"32":1,"33":1,"34":1,"35":1,"36":1,"37":1,"38":1,"39":2,"40":2,"41":1,"42":2,"43":2,"44":1,"45":2,"46":2,"47":1,"48":2,"49":2,"50":1,"51":1,"52":1,"53":1,"54":1},"b":{"1":[2,1,1,1],"2":[1,1,1,1],"3":[1,1],"4":[1,1],"5":[1,1],"6":[1,1],"7":[1,1],"8":[1,1],"9":[1,1],"10":[1,1,1],"11":[1,1],"12":[1,1],"13":[1,1],"14":[1,1],"15":[1,1],"16":[1,1],"17":[1,1]},"f":{"1":2,"2":2,"3":2,"4":2,"5":2,"6":1,"7":1,"8":1,"9":2,"10":2,"11":2,"12":2,"13":1},"fnMap":{"1":{"name":"(anonymous_1)","line":12,"loc":{"start":{"line":12,"column":1},"end":{"line":12,"column":13}}},"2":{"name":"(anonymous_2)","line":19,"loc":{"start":{"line":19,"column":5},"end":{"line":19,"column":17}}},"3":{"name":"(anonymous_3)","line":23,"loc":{"start":{"line":23,"column":24},"end":{"line":23,"column":36}}},"4":{"name":"(anonymous_4)","line":61,"loc":{"start":{"line":61,"column":5},"end":{"line":61,"column":17}}},"5":{"name":"(anonymous_5)","line":82,"loc":{"start":{"line":82,"column":5},"end":{"line":82,"column":17}}},"6":{"name":"(anonymous_6)","line":91,"loc":{"start":{"line":91,"column":77},"end":{"line":94,"column":10}}},"7":{"name":"(anonymous_7)","line":112,"loc":{"start":{"line":112,"column":83},"end":{"line":115,"column":10}},"skip":true},"8":{"name":"(anonymous_8)","line":123,"loc":{"start":{"line":123,"column":77},"end":{"line":126,"column":10}},"skip":true},"9":{"name":"(anonymous_9)","line":139,"loc":{"start":{"line":139,"column":12},"end":{"line":139,"column":40}},"skip":true},"10":{"name":"(anonymous_10)","line":147,"loc":{"start":{"line":147,"column":77},"end":{"line":150,"column":10}},"skip":true},"11":{"name":"(anonymous_11)","line":158,"loc":{"start":{"line":158,"column":83},"end":{"line":161,"column":10}},"skip":true},"12":{"name":"(anonymous_12)","line":169,"loc":{"start":{"line":169,"column":79},"end":{"line":172,"column":10}},"skip":true},"13":{"name":"(anonymous_13)","line":180,"loc":{"start":{"line":180,"column":75},"end":{"line":183,"column":10}},"skip":true}},"statementMap":{"1":{"start":{"line":12,"column":0},"end":{"line":195,"column":5}},"2":{"start":{"line":14,"column":4},"end":{"line":14,"column":14}},"3":{"start":{"line":19,"column":4},"end":{"line":56,"column":9}},"4":{"start":{"line":21,"column":8},"end":{"line":21,"column":19}},"5":{"start":{"line":23,"column":8},"end":{"line":35,"column":13}},"6":{"start":{"line":24,"column":12},"end":{"line":34,"column":13}},"7":{"start":{"line":25,"column":16},"end":{"line":28,"column":30}},"8":{"start":{"line":30,"column":16},"end":{"line":33,"column":27}},"9":{"start":{"line":37,"column":8},"end":{"line":39,"column":21}},"10":{"start":{"line":40,"column":8},"end":{"line":53,"column":9}},"11":{"start":{"line":43,"column":12},"end":{"line":46,"column":14}},"12":{"start":{"line":47,"column":12},"end":{"line":47,"column":18}},"13":{"start":{"line":50,"column":12},"end":{"line":51,"column":33}},"14":{"start":{"line":52,"column":12},"end":{"line":52,"column":18}},"15":{"start":{"line":55,"column":8},"end":{"line":55,"column":35}},"16":{"start":{"line":61,"column":4},"end":{"line":63,"column":9}},"17":{"start":{"line":62,"column":8},"end":{"line":62,"column":15}},"18":{"start":{"line":64,"column":4},"end":{"line":77,"column":5}},"19":{"start":{"line":70,"column":8},"end":{"line":70,"column":14}},"20":{"start":{"line":76,"column":8},"end":{"line":76,"column":14}},"21":{"start":{"line":82,"column":4},"end":{"line":84,"column":9}},"22":{"start":{"line":83,"column":8},"end":{"line":83,"column":15}},"23":{"start":{"line":85,"column":4},"end":{"line":194,"column":5}},"24":{"start":{"line":91,"column":8},"end":{"line":99,"column":10}},"25":{"start":{"line":98,"column":12},"end":{"line":98,"column":35}},"26":{"start":{"line":102,"column":8},"end":{"line":104,"column":63}},"27":{"start":{"line":105,"column":8},"end":{"line":105,"column":14}},"28":{"start":{"line":112,"column":8},"end":{"line":121,"column":10},"skip":true},"29":{"start":{"line":119,"column":12},"end":{"line":119,"column":55},"skip":true},"30":{"start":{"line":120,"column":12},"end":{"line":120,"column":48},"skip":true},"31":{"start":{"line":123,"column":8},"end":{"line":136,"column":10},"skip":true},"32":{"start":{"line":130,"column":12},"end":{"line":130,"column":76},"skip":true},"33":{"start":{"line":131,"column":12},"end":{"line":131,"column":73},"skip":true},"34":{"start":{"line":132,"column":12},"end":{"line":132,"column":74},"skip":true},"35":{"start":{"line":133,"column":12},"end":{"line":133,"column":79},"skip":true},"36":{"start":{"line":134,"column":12},"end":{"line":134,"column":25},"skip":true},"37":{"start":{"line":135,"column":12},"end":{"line":135,"column":45},"skip":true},"38":{"start":{"line":138,"column":8},"end":{"line":145,"column":14},"skip":true},"39":{"start":{"line":143,"column":16},"end":{"line":143,"column":29},"skip":true},"40":{"start":{"line":144,"column":16},"end":{"line":144,"column":55},"skip":true},"41":{"start":{"line":147,"column":8},"end":{"line":156,"column":10},"skip":true},"42":{"start":{"line":154,"column":12},"end":{"line":154,"column":25},"skip":true},"43":{"start":{"line":155,"column":12},"end":{"line":155,"column":45},"skip":true},"44":{"start":{"line":158,"column":8},"end":{"line":167,"column":10},"skip":true},"45":{"start":{"line":165,"column":12},"end":{"line":165,"column":25},"skip":true},"46":{"start":{"line":166,"column":12},"end":{"line":166,"column":48},"skip":true},"47":{"start":{"line":169,"column":8},"end":{"line":178,"column":10},"skip":true},"48":{"start":{"line":176,"column":12},"end":{"line":176,"column":25},"skip":true},"49":{"start":{"line":177,"column":12},"end":{"line":177,"column":46},"skip":true},"50":{"start":{"line":180,"column":8},"end":{"line":189,"column":10},"skip":true},"51":{"start":{"line":187,"column":12},"end":{"line":187,"column":94},"skip":true},"52":{"start":{"line":188,"column":12},"end":{"line":188,"column":48},"skip":true},"53":{"start":{"line":192,"column":8},"end":{"line":192,"column":35},"skip":true},"54":{"start":{"line":193,"column":8},"end":{"line":193,"column":14},"skip":true}},"branchMap":{"1":{"line":25,"type":"binary-expr","locations":[{"start":{"line":25,"column":23},"end":{"line":25,"column":62}},{"start":{"line":26,"column":20},"end":{"line":26,"column":70}},{"start":{"line":27,"column":20},"end":{"line":27,"column":71}},{"start":{"line":28,"column":20},"end":{"line":28,"column":29}}]},"2":{"line":30,"type":"binary-expr","locations":[{"start":{"line":30,"column":23},"end":{"line":30,"column":37}},{"start":{"line":31,"column":20},"end":{"line":31,"column":61}},{"start":{"line":32,"column":20},"end":{"line":32,"column":70}},{"start":{"line":33,"column":20},"end":{"line":33,"column":26}}]},"3":{"line":37,"type":"cond-expr","locations":[{"start":{"line":38,"column":14},"end":{"line":38,"column":20}},{"start":{"line":39,"column":14},"end":{"line":39,"column":20}}]},"4":{"line":40,"type":"switch","locations":[{"start":{"line":42,"column":8},"end":{"line":47,"column":18}},{"start":{"line":49,"column":8},"end":{"line":52,"column":18}}]},"5":{"line":44,"type":"binary-expr","locations":[{"start":{"line":44,"column":16},"end":{"line":44,"column":44}},{"start":{"line":44,"column":48},"end":{"line":44,"column":66}}]},"6":{"line":50,"type":"binary-expr","locations":[{"start":{"line":50,"column":21},"end":{"line":50,"column":49}},{"start":{"line":50,"column":53},"end":{"line":50,"column":72}}]},"7":{"line":64,"type":"switch","locations":[{"start":{"line":69,"column":4},"end":{"line":70,"column":14}},{"start":{"line":75,"column":4},"end":{"line":76,"column":14}}]},"8":{"line":85,"type":"switch","locations":[{"start":{"line":90,"column":4},"end":{"line":105,"column":14}},{"start":{"line":111,"column":4},"end":{"line":193,"column":14},"skip":true}]},"9":{"line":91,"type":"binary-expr","locations":[{"start":{"line":91,"column":42},"end":{"line":91,"column":73}},{"start":{"line":91,"column":77},"end":{"line":99,"column":9}}]},"10":{"line":102,"type":"binary-expr","locations":[{"start":{"line":102,"column":18},"end":{"line":102,"column":32}},{"start":{"line":103,"column":12},"end":{"line":103,"column":53}},{"start":{"line":104,"column":12},"end":{"line":104,"column":61}}]},"11":{"line":112,"type":"binary-expr","locations":[{"start":{"line":112,"column":45},"end":{"line":112,"column":79},"skip":true},{"start":{"line":112,"column":83},"end":{"line":121,"column":9},"skip":true}]},"12":{"line":123,"type":"binary-expr","locations":[{"start":{"line":123,"column":42},"end":{"line":123,"column":73},"skip":true},{"start":{"line":123,"column":77},"end":{"line":136,"column":9},"skip":true}]},"13":{"line":138,"type":"binary-expr","locations":[{"start":{"line":138,"column":48},"end":{"line":138,"column":85},"skip":true},{"start":{"line":139,"column":12},"end":{"line":145,"column":13},"skip":true}]},"14":{"line":147,"type":"binary-expr","locations":[{"start":{"line":147,"column":42},"end":{"line":147,"column":73},"skip":true},{"start":{"line":147,"column":77},"end":{"line":156,"column":9},"skip":true}]},"15":{"line":158,"type":"binary-expr","locations":[{"start":{"line":158,"column":45},"end":{"line":158,"column":79},"skip":true},{"start":{"line":158,"column":83},"end":{"line":167,"column":9},"skip":true}]},"16":{"line":169,"type":"binary-expr","locations":[{"start":{"line":169,"column":43},"end":{"line":169,"column":75},"skip":true},{"start":{"line":169,"column":79},"end":{"line":178,"column":9},"skip":true}]},"17":{"line":180,"type":"binary-expr","locations":[{"start":{"line":180,"column":41},"end":{"line":180,"column":71},"skip":true},{"start":{"line":180,"column":75},"end":{"line":189,"column":9},"skip":true}]}},"code":["/* istanbul instrument in package npmtest_react_calendar_timeline */","/*jslint","    bitwise: true,","    browser: true,","    maxerr: 8,","    maxlen: 96,","    node: true,","    nomen: true,","    regexp: true,","    stupid: true","*/","(function () {","    'use strict';","    var local;","","","","    // run shared js-env code - pre-init","    (function () {","        // init local","        local = {};","        // init modeJs","        local.modeJs = (function () {","            try {","                return typeof navigator.userAgent === 'string' &&","                    typeof document.querySelector('body') === 'object' &&","                    typeof XMLHttpRequest.prototype.open === 'function' &&","                    'browser';","            } catch (errorCaughtBrowser) {","                return module.exports &&","                    typeof process.versions.node === 'string' &&","                    typeof require('http').createServer === 'function' &&","                    'node';","            }","        }());","        // init global","        local.global = local.modeJs === 'browser'","            ? window","            : global;","        switch (local.modeJs) {","        // re-init local from window.local","        case 'browser':","            local = local.global.utility2.objectSetDefault(","                local.global.utility2_rollup || local.global.local,","                local.global.utility2","            );","            break;","        // re-init local from example.js","        case 'node':","            local = (local.global.utility2_rollup || require('utility2'))","                .requireReadme();","            break;","        }","        // export local","        local.global.local = local;","    }());","","","","    // run shared js-env code - function","    (function () {","        return;","    }());","    switch (local.modeJs) {","","","","    // run browser js-env code - function","    case 'browser':","        break;","","","","    // run node js-env code - function","    case 'node':","        break;","    }","","","","    // run shared js-env code - post-init","    (function () {","        return;","    }());","    switch (local.modeJs) {","","","","    // run browser js-env code - post-init","    case 'browser':","        local.testCase_browser_nullCase = local.testCase_browser_nullCase || function (","            options,","            onError","        ) {","        /*","         * this function will test browsers's null-case handling-behavior-behavior","         */","            onError(null, options);","        };","","        // run tests","        local.nop(local.modeTest &&","            document.querySelector('#testRunButton1') &&","            document.querySelector('#testRunButton1').click());","        break;","","","","    // run node js-env code - post-init","    /* istanbul ignore next */","    case 'node':","        local.testCase_buildApidoc_default = local.testCase_buildApidoc_default || function (","            options,","            onError","        ) {","        /*","         * this function will test buildApidoc's default handling-behavior-behavior","         */","            options = { modulePathList: module.paths };","            local.buildApidoc(options, onError);","        };","","        local.testCase_buildApp_default = local.testCase_buildApp_default || function (","            options,","            onError","        ) {","        /*","         * this function will test buildApp's default handling-behavior-behavior","         */","            local.testCase_buildReadme_default(options, local.onErrorThrow);","            local.testCase_buildLib_default(options, local.onErrorThrow);","            local.testCase_buildTest_default(options, local.onErrorThrow);","            local.testCase_buildCustomOrg_default(options, local.onErrorThrow);","            options = [];","            local.buildApp(options, onError);","        };","","        local.testCase_buildCustomOrg_default = local.testCase_buildCustomOrg_default ||","            function (options, onError) {","            /*","             * this function will test buildCustomOrg's default handling-behavior","             */","                options = {};","                local.buildCustomOrg(options, onError);","            };","","        local.testCase_buildLib_default = local.testCase_buildLib_default || function (","            options,","            onError","        ) {","        /*","         * this function will test buildLib's default handling-behavior","         */","            options = {};","            local.buildLib(options, onError);","        };","","        local.testCase_buildReadme_default = local.testCase_buildReadme_default || function (","            options,","            onError","        ) {","        /*","         * this function will test buildReadme's default handling-behavior-behavior","         */","            options = {};","            local.buildReadme(options, onError);","        };","","        local.testCase_buildTest_default = local.testCase_buildTest_default || function (","            options,","            onError","        ) {","        /*","         * this function will test buildTest's default handling-behavior","         */","            options = {};","            local.buildTest(options, onError);","        };","","        local.testCase_webpage_default = local.testCase_webpage_default || function (","            options,","            onError","        ) {","        /*","         * this function will test webpage's default handling-behavior","         */","            options = { modeCoverageMerge: true, url: local.serverLocalHost + '?modeTest=1' };","            local.browserTest(options, onError);","        };","","        // run test-server","        local.testRunServer(local);","        break;","    }","}());",""],"l":{"12":2,"14":2,"19":2,"21":2,"23":2,"24":2,"25":2,"30":1,"37":2,"40":2,"43":1,"47":1,"50":1,"52":1,"55":2,"61":2,"62":2,"64":2,"70":1,"76":1,"82":2,"83":2,"85":2,"91":1,"98":1,"102":1,"105":1,"112":1,"119":1,"120":1,"123":1,"130":1,"131":1,"132":1,"133":1,"134":1,"135":1,"138":1,"143":2,"144":2,"147":1,"154":2,"155":2,"158":1,"165":2,"166":2,"169":1,"176":2,"177":2,"180":1,"187":1,"188":1,"192":1,"193":1}},"/home/travis/build/npmtest/node-npmtest-react-calendar-timeline/lib.npmtest_react_calendar_timeline.js":{"path":"/home/travis/build/npmtest/node-npmtest-react-calendar-timeline/lib.npmtest_react_calendar_timeline.js","s":{"1":2,"2":2,"3":2,"4":2,"5":2,"6":2,"7":2,"8":1,"9":2,"10":2,"11":2,"12":2,"13":1,"14":1,"15":1,"16":1},"b":{"1":[2,1,1,1],"2":[1,1,1,1],"3":[1,1],"4":[2,2],"5":[1,1]},"f":{"1":2,"2":2,"3":2},"fnMap":{"1":{"name":"(anonymous_1)","line":12,"loc":{"start":{"line":12,"column":1},"end":{"line":12,"column":13}}},"2":{"name":"(anonymous_2)","line":19,"loc":{"start":{"line":19,"column":5},"end":{"line":19,"column":17}}},"3":{"name":"(anonymous_3)","line":23,"loc":{"start":{"line":23,"column":24},"end":{"line":23,"column":36}}}},"statementMap":{"1":{"start":{"line":12,"column":0},"end":{"line":53,"column":5}},"2":{"start":{"line":14,"column":4},"end":{"line":14,"column":14}},"3":{"start":{"line":19,"column":4},"end":{"line":52,"column":9}},"4":{"start":{"line":21,"column":8},"end":{"line":21,"column":19}},"5":{"start":{"line":23,"column":8},"end":{"line":35,"column":13}},"6":{"start":{"line":24,"column":12},"end":{"line":34,"column":13}},"7":{"start":{"line":25,"column":16},"end":{"line":28,"column":30}},"8":{"start":{"line":30,"column":16},"end":{"line":33,"column":27}},"9":{"start":{"line":37,"column":8},"end":{"line":39,"column":21}},"10":{"start":{"line":41,"column":8},"end":{"line":41,"column":54}},"11":{"start":{"line":43,"column":8},"end":{"line":43,"column":68}},"12":{"start":{"line":45,"column":8},"end":{"line":51,"column":9}},"13":{"start":{"line":46,"column":12},"end":{"line":46,"column":74}},"14":{"start":{"line":48,"column":12},"end":{"line":48,"column":35}},"15":{"start":{"line":49,"column":12},"end":{"line":49,"column":49}},"16":{"start":{"line":50,"column":12},"end":{"line":50,"column":43}}},"branchMap":{"1":{"line":25,"type":"binary-expr","locations":[{"start":{"line":25,"column":23},"end":{"line":25,"column":62}},{"start":{"line":26,"column":20},"end":{"line":26,"column":70}},{"start":{"line":27,"column":20},"end":{"line":27,"column":71}},{"start":{"line":28,"column":20},"end":{"line":28,"column":29}}]},"2":{"line":30,"type":"binary-expr","locations":[{"start":{"line":30,"column":23},"end":{"line":30,"column":37}},{"start":{"line":31,"column":20},"end":{"line":31,"column":61}},{"start":{"line":32,"column":20},"end":{"line":32,"column":70}},{"start":{"line":33,"column":20},"end":{"line":33,"column":26}}]},"3":{"line":37,"type":"cond-expr","locations":[{"start":{"line":38,"column":14},"end":{"line":38,"column":20}},{"start":{"line":39,"column":14},"end":{"line":39,"column":20}}]},"4":{"line":41,"type":"binary-expr","locations":[{"start":{"line":41,"column":16},"end":{"line":41,"column":44}},{"start":{"line":41,"column":48},"end":{"line":41,"column":53}}]},"5":{"line":45,"type":"if","locations":[{"start":{"line":45,"column":8},"end":{"line":45,"column":8}},{"start":{"line":45,"column":8},"end":{"line":45,"column":8}}]}},"code":["/* istanbul instrument in package npmtest_react_calendar_timeline */","/*jslint","    bitwise: true,","    browser: true,","    maxerr: 8,","    maxlen: 96,","    node: true,","    nomen: true,","    regexp: true,","    stupid: true","*/","(function () {","    'use strict';","    var local;","","","","    // run shared js-env code - pre-init","    (function () {","        // init local","        local = {};","        // init modeJs","        local.modeJs = (function () {","            try {","                return typeof navigator.userAgent === 'string' &&","                    typeof document.querySelector('body') === 'object' &&","                    typeof XMLHttpRequest.prototype.open === 'function' &&","                    'browser';","            } catch (errorCaughtBrowser) {","                return module.exports &&","                    typeof process.versions.node === 'string' &&","                    typeof require('http').createServer === 'function' &&","                    'node';","            }","        }());","        // init global","        local.global = local.modeJs === 'browser'","            ? window","            : global;","        // init utility2_rollup","        local = local.global.utility2_rollup || local;","        // init lib","        local.local = local.npmtest_react_calendar_timeline = local;","        // init exports","        if (local.modeJs === 'browser') {","            local.global.utility2_npmtest_react_calendar_timeline = local;","        } else {","            module.exports = local;","            module.exports.__dirname = __dirname;","            module.exports.module = module;","        }","    }());","}());",""],"l":{"12":2,"14":2,"19":2,"21":2,"23":2,"24":2,"25":2,"30":1,"37":2,"41":2,"43":2,"45":2,"46":1,"48":1,"49":1,"50":1}},"/home/travis/build/npmtest/node-npmtest-react-calendar-timeline/example.js":{"path":"/home/travis/build/npmtest/node-npmtest-react-calendar-timeline/example.js","s":{"1":2,"2":2,"3":2,"4":2,"5":2,"6":2,"7":2,"8":1,"9":2,"10":2,"11":2,"12":2,"13":1,"14":2,"15":2,"16":2,"17":2,"18":2,"19":0,"20":2,"21":1,"22":1,"23":1,"24":1,"25":1,"26":0,"27":0,"28":1,"29":1,"30":2,"31":0,"32":0,"33":0,"34":1,"35":2,"36":2,"37":3,"38":3,"39":3,"40":3,"41":0,"42":3,"43":3,"44":3,"45":1,"46":3,"47":1,"48":1,"49":1,"50":1,"51":1,"52":1,"53":1,"54":1,"55":1,"56":1,"57":0,"58":1,"59":6,"60":6,"61":1,"62":2,"63":0,"64":2,"65":1,"66":1,"67":0,"68":0,"69":0,"70":0,"71":0,"72":0,"73":0,"74":0,"75":0,"76":0,"77":0,"78":0,"79":0,"80":0,"81":0,"82":0,"83":0},"b":{"1":[2,1,1,1],"2":[1,1,1,1],"3":[1,1],"4":[2,2],"5":[1,1],"6":[1,1],"7":[2,0],"8":[2,1,1,1,1,1],"9":[0,2,0],"10":[1,1],"11":[2,1,1],"12":[1,0],"13":[0,2],"14":[2,0,0,0,0,0,0],"15":[0,3],"16":[3,0],"17":[1,1],"18":[0,1],"19":[1,2,0,2],"20":[1,0],"21":[1,1],"22":[0,0],"23":[0,0],"24":[0,0],"25":[0,0],"26":[0,0],"27":[0,0],"28":[0,0]},"f":{"1":2,"2":2,"3":2,"4":2,"5":2,"6":2,"7":3,"8":3,"9":3,"10":1,"11":6,"12":0},"fnMap":{"1":{"name":"(anonymous_1)","line":26,"loc":{"start":{"line":26,"column":1},"end":{"line":26,"column":13}}},"2":{"name":"(anonymous_2)","line":33,"loc":{"start":{"line":33,"column":5},"end":{"line":33,"column":17}}},"3":{"name":"(anonymous_3)","line":37,"loc":{"start":{"line":37,"column":24},"end":{"line":37,"column":36}}},"4":{"name":"(anonymous_4)","line":69,"loc":{"start":{"line":69,"column":31},"end":{"line":69,"column":48}},"skip":true},"5":{"name":"(anonymous_5)","line":78,"loc":{"start":{"line":78,"column":26},"end":{"line":78,"column":45}},"skip":true},"6":{"name":"(anonymous_6)","line":123,"loc":{"start":{"line":123,"column":33},"end":{"line":123,"column":48}},"skip":true},"7":{"name":"(anonymous_7)","line":125,"loc":{"start":{"line":125,"column":27},"end":{"line":125,"column":39}},"skip":true},"8":{"name":"(anonymous_8)","line":133,"loc":{"start":{"line":133,"column":59},"end":{"line":133,"column":74}},"skip":true},"9":{"name":"(anonymous_9)","line":143,"loc":{"start":{"line":143,"column":45},"end":{"line":143,"column":62}},"skip":true},"10":{"name":"(anonymous_10)","line":144,"loc":{"start":{"line":144,"column":73},"end":{"line":144,"column":92}},"skip":true},"11":{"name":"(anonymous_11)","line":272,"loc":{"start":{"line":272,"column":51},"end":{"line":272,"column":77}},"skip":true},"12":{"name":"(anonymous_12)","line":315,"loc":{"start":{"line":315,"column":32},"end":{"line":315,"column":61}},"skip":true}},"statementMap":{"1":{"start":{"line":26,"column":0},"end":{"line":326,"column":5}},"2":{"start":{"line":28,"column":4},"end":{"line":28,"column":14}},"3":{"start":{"line":33,"column":4},"end":{"line":60,"column":9}},"4":{"start":{"line":35,"column":8},"end":{"line":35,"column":19}},"5":{"start":{"line":37,"column":8},"end":{"line":49,"column":13}},"6":{"start":{"line":38,"column":12},"end":{"line":48,"column":13}},"7":{"start":{"line":39,"column":16},"end":{"line":42,"column":30}},"8":{"start":{"line":44,"column":16},"end":{"line":47,"column":27}},"9":{"start":{"line":51,"column":8},"end":{"line":53,"column":21}},"10":{"start":{"line":55,"column":8},"end":{"line":57,"column":45}},"11":{"start":{"line":59,"column":8},"end":{"line":59,"column":35}},"12":{"start":{"line":61,"column":4},"end":{"line":325,"column":5}},"13":{"start":{"line":69,"column":8},"end":{"line":121,"column":10},"skip":true},"14":{"start":{"line":70,"column":12},"end":{"line":88,"column":13},"skip":true},"15":{"start":{"line":76,"column":16},"end":{"line":87,"column":19},"skip":true},"16":{"start":{"line":79,"column":20},"end":{"line":86,"column":21},"skip":true},"17":{"start":{"line":82,"column":24},"end":{"line":82,"column":43},"skip":true},"18":{"start":{"line":83,"column":24},"end":{"line":83,"column":30},"skip":true},"19":{"start":{"line":85,"column":24},"end":{"line":85,"column":49},"skip":true},"20":{"start":{"line":89,"column":12},"end":{"line":107,"column":13},"skip":true},"21":{"start":{"line":92,"column":16},"end":{"line":102,"column":17},"skip":true},"22":{"start":{"line":93,"column":20},"end":{"line":93,"column":86},"skip":true},"23":{"start":{"line":94,"column":20},"end":{"line":95,"column":45},"skip":true},"24":{"start":{"line":96,"column":20},"end":{"line":96,"column":42},"skip":true},"25":{"start":{"line":97,"column":20},"end":{"line":97,"column":48},"skip":true},"26":{"start":{"line":100,"column":20},"end":{"line":100,"column":85},"skip":true},"27":{"start":{"line":101,"column":20},"end":{"line":101,"column":96},"skip":true},"28":{"start":{"line":103,"column":16},"end":{"line":103,"column":22},"skip":true},"29":{"start":{"line":106,"column":16},"end":{"line":106,"column":22},"skip":true},"30":{"start":{"line":108,"column":12},"end":{"line":120,"column":13},"skip":true},"31":{"start":{"line":114,"column":16},"end":{"line":119,"column":17},"skip":true},"32":{"start":{"line":116,"column":20},"end":{"line":116,"column":78},"skip":true},"33":{"start":{"line":118,"column":20},"end":{"line":118,"column":47},"skip":true},"34":{"start":{"line":123,"column":8},"end":{"line":141,"column":11},"skip":true},"35":{"start":{"line":124,"column":12},"end":{"line":124,"column":54},"skip":true},"36":{"start":{"line":125,"column":12},"end":{"line":140,"column":14},"skip":true},"37":{"start":{"line":126,"column":16},"end":{"line":126,"column":28},"skip":true},"38":{"start":{"line":127,"column":16},"end":{"line":127,"column":69},"skip":true},"39":{"start":{"line":128,"column":16},"end":{"line":128,"column":75},"skip":true},"40":{"start":{"line":129,"column":16},"end":{"line":131,"column":17},"skip":true},"41":{"start":{"line":130,"column":20},"end":{"line":130,"column":27},"skip":true},"42":{"start":{"line":133,"column":16},"end":{"line":137,"column":36},"skip":true},"43":{"start":{"line":134,"column":20},"end":{"line":136,"column":55},"skip":true},"44":{"start":{"line":139,"column":16},"end":{"line":139,"column":57},"skip":true},"45":{"start":{"line":143,"column":8},"end":{"line":147,"column":11},"skip":true},"46":{"start":{"line":144,"column":12},"end":{"line":146,"column":15},"skip":true},"47":{"start":{"line":145,"column":16},"end":{"line":145,"column":70},"skip":true},"48":{"start":{"line":149,"column":8},"end":{"line":149,"column":31},"skip":true},"49":{"start":{"line":150,"column":8},"end":{"line":150,"column":14},"skip":true},"50":{"start":{"line":158,"column":8},"end":{"line":158,"column":31},"skip":true},"51":{"start":{"line":160,"column":8},"end":{"line":160,"column":33},"skip":true},"52":{"start":{"line":161,"column":8},"end":{"line":161,"column":37},"skip":true},"53":{"start":{"line":162,"column":8},"end":{"line":162,"column":35},"skip":true},"54":{"start":{"line":164,"column":8},"end":{"line":164,"column":50},"skip":true},"55":{"start":{"line":166,"column":8},"end":{"line":256,"column":2},"skip":true},"56":{"start":{"line":258,"column":8},"end":{"line":286,"column":9},"skip":true},"57":{"start":{"line":259,"column":12},"end":{"line":269,"column":14},"skip":true},"58":{"start":{"line":271,"column":12},"end":{"line":285,"column":19},"skip":true},"59":{"start":{"line":274,"column":20},"end":{"line":274,"column":35},"skip":true},"60":{"start":{"line":275,"column":20},"end":{"line":284,"column":21},"skip":true},"61":{"start":{"line":277,"column":24},"end":{"line":277,"column":64},"skip":true},"62":{"start":{"line":279,"column":24},"end":{"line":279,"column":40},"skip":true},"63":{"start":{"line":281,"column":24},"end":{"line":281,"column":40},"skip":true},"64":{"start":{"line":283,"column":24},"end":{"line":283,"column":39},"skip":true},"65":{"start":{"line":288,"column":8},"end":{"line":290,"column":9},"skip":true},"66":{"start":{"line":289,"column":12},"end":{"line":289,"column":18},"skip":true},"67":{"start":{"line":291,"column":8},"end":{"line":293,"column":54},"skip":true},"68":{"start":{"line":296,"column":8},"end":{"line":301,"column":37},"skip":true},"69":{"start":{"line":303,"column":8},"end":{"line":303,"column":82},"skip":true},"70":{"start":{"line":306,"column":8},"end":{"line":308,"column":9},"skip":true},"71":{"start":{"line":307,"column":12},"end":{"line":307,"column":82},"skip":true},"72":{"start":{"line":310,"column":8},"end":{"line":312,"column":9},"skip":true},"73":{"start":{"line":311,"column":12},"end":{"line":311,"column":18},"skip":true},"74":{"start":{"line":313,"column":8},"end":{"line":313,"column":54},"skip":true},"75":{"start":{"line":314,"column":8},"end":{"line":314,"column":69},"skip":true},"76":{"start":{"line":315,"column":8},"end":{"line":323,"column":36},"skip":true},"77":{"start":{"line":316,"column":12},"end":{"line":316,"column":61},"skip":true},"78":{"start":{"line":317,"column":12},"end":{"line":320,"column":13},"skip":true},"79":{"start":{"line":318,"column":16},"end":{"line":318,"column":75},"skip":true},"80":{"start":{"line":319,"column":16},"end":{"line":319,"column":23},"skip":true},"81":{"start":{"line":321,"column":12},"end":{"line":321,"column":38},"skip":true},"82":{"start":{"line":322,"column":12},"end":{"line":322,"column":27},"skip":true},"83":{"start":{"line":324,"column":8},"end":{"line":324,"column":14},"skip":true}},"branchMap":{"1":{"line":39,"type":"binary-expr","locations":[{"start":{"line":39,"column":23},"end":{"line":39,"column":62}},{"start":{"line":40,"column":20},"end":{"line":40,"column":70}},{"start":{"line":41,"column":20},"end":{"line":41,"column":71}},{"start":{"line":42,"column":20},"end":{"line":42,"column":29}}]},"2":{"line":44,"type":"binary-expr","locations":[{"start":{"line":44,"column":23},"end":{"line":44,"column":37}},{"start":{"line":45,"column":20},"end":{"line":45,"column":61}},{"start":{"line":46,"column":20},"end":{"line":46,"column":70}},{"start":{"line":47,"column":20},"end":{"line":47,"column":26}}]},"3":{"line":51,"type":"cond-expr","locations":[{"start":{"line":52,"column":14},"end":{"line":52,"column":20}},{"start":{"line":53,"column":14},"end":{"line":53,"column":20}}]},"4":{"line":55,"type":"binary-expr","locations":[{"start":{"line":55,"column":16},"end":{"line":55,"column":44}},{"start":{"line":55,"column":49},"end":{"line":57,"column":43}}]},"5":{"line":55,"type":"cond-expr","locations":[{"start":{"line":56,"column":14},"end":{"line":56,"column":67}},{"start":{"line":57,"column":14},"end":{"line":57,"column":43}}]},"6":{"line":61,"type":"switch","locations":[{"start":{"line":68,"column":4},"end":{"line":150,"column":14},"skip":true},{"start":{"line":156,"column":4},"end":{"line":324,"column":14},"skip":true}]},"7":{"line":70,"type":"if","locations":[{"start":{"line":70,"column":12},"end":{"line":70,"column":12},"skip":true},{"start":{"line":70,"column":12},"end":{"line":70,"column":12},"skip":true}]},"8":{"line":70,"type":"binary-expr","locations":[{"start":{"line":70,"column":16},"end":{"line":70,"column":22},"skip":true},{"start":{"line":70,"column":27},"end":{"line":70,"column":32},"skip":true},{"start":{"line":71,"column":20},"end":{"line":71,"column":39},"skip":true},{"start":{"line":72,"column":20},"end":{"line":72,"column":49},"skip":true},{"start":{"line":73,"column":20},"end":{"line":73,"column":58},"skip":true},{"start":{"line":74,"column":20},"end":{"line":74,"column":69},"skip":true}]},"9":{"line":79,"type":"switch","locations":[{"start":{"line":80,"column":20},"end":{"line":80,"column":33},"skip":true},{"start":{"line":81,"column":20},"end":{"line":83,"column":30},"skip":true},{"start":{"line":84,"column":20},"end":{"line":85,"column":49},"skip":true}]},"10":{"line":89,"type":"switch","locations":[{"start":{"line":90,"column":12},"end":{"line":103,"column":22},"skip":true},{"start":{"line":105,"column":12},"end":{"line":106,"column":22},"skip":true}]},"11":{"line":89,"type":"binary-expr","locations":[{"start":{"line":89,"column":20},"end":{"line":89,"column":25},"skip":true},{"start":{"line":89,"column":29},"end":{"line":89,"column":48},"skip":true},{"start":{"line":89,"column":52},"end":{"line":89,"column":74},"skip":true}]},"12":{"line":92,"type":"if","locations":[{"start":{"line":92,"column":16},"end":{"line":92,"column":16},"skip":true},{"start":{"line":92,"column":16},"end":{"line":92,"column":16},"skip":true}]},"13":{"line":108,"type":"if","locations":[{"start":{"line":108,"column":12},"end":{"line":108,"column":12},"skip":true},{"start":{"line":108,"column":12},"end":{"line":108,"column":12},"skip":true}]},"14":{"line":108,"type":"binary-expr","locations":[{"start":{"line":108,"column":16},"end":{"line":108,"column":61},"skip":true},{"start":{"line":108,"column":66},"end":{"line":108,"column":72},"skip":true},{"start":{"line":108,"column":77},"end":{"line":108,"column":82},"skip":true},{"start":{"line":109,"column":20},"end":{"line":109,"column":39},"skip":true},{"start":{"line":110,"column":20},"end":{"line":110,"column":49},"skip":true},{"start":{"line":111,"column":20},"end":{"line":111,"column":58},"skip":true},{"start":{"line":112,"column":20},"end":{"line":112,"column":68},"skip":true}]},"15":{"line":129,"type":"if","locations":[{"start":{"line":129,"column":16},"end":{"line":129,"column":16},"skip":true},{"start":{"line":129,"column":16},"end":{"line":129,"column":16},"skip":true}]},"16":{"line":134,"type":"cond-expr","locations":[{"start":{"line":135,"column":26},"end":{"line":135,"column":29},"skip":true},{"start":{"line":136,"column":26},"end":{"line":136,"column":54},"skip":true}]},"17":{"line":164,"type":"binary-expr","locations":[{"start":{"line":164,"column":27},"end":{"line":164,"column":43},"skip":true},{"start":{"line":164,"column":47},"end":{"line":164,"column":49},"skip":true}]},"18":{"line":258,"type":"if","locations":[{"start":{"line":258,"column":8},"end":{"line":258,"column":8},"skip":true},{"start":{"line":258,"column":8},"end":{"line":258,"column":8},"skip":true}]},"19":{"line":275,"type":"switch","locations":[{"start":{"line":276,"column":20},"end":{"line":277,"column":64},"skip":true},{"start":{"line":278,"column":20},"end":{"line":279,"column":40},"skip":true},{"start":{"line":280,"column":20},"end":{"line":281,"column":40},"skip":true},{"start":{"line":282,"column":20},"end":{"line":283,"column":39},"skip":true}]},"20":{"line":288,"type":"if","locations":[{"start":{"line":288,"column":8},"end":{"line":288,"column":8},"skip":true},{"start":{"line":288,"column":8},"end":{"line":288,"column":8},"skip":true}]},"21":{"line":288,"type":"binary-expr","locations":[{"start":{"line":288,"column":12},"end":{"line":288,"column":40},"skip":true},{"start":{"line":288,"column":44},"end":{"line":288,"column":67},"skip":true}]},"22":{"line":292,"type":"binary-expr","locations":[{"start":{"line":292,"column":12},"end":{"line":292,"column":50},"skip":true},{"start":{"line":293,"column":12},"end":{"line":293,"column":53},"skip":true}]},"23":{"line":297,"type":"binary-expr","locations":[{"start":{"line":297,"column":12},"end":{"line":297,"column":81},"skip":true},{"start":{"line":298,"column":12},"end":{"line":301,"column":36},"skip":true}]},"24":{"line":303,"type":"binary-expr","locations":[{"start":{"line":303,"column":43},"end":{"line":303,"column":75},"skip":true},{"start":{"line":303,"column":79},"end":{"line":303,"column":81},"skip":true}]},"25":{"line":306,"type":"if","locations":[{"start":{"line":306,"column":8},"end":{"line":306,"column":8},"skip":true},{"start":{"line":306,"column":8},"end":{"line":306,"column":8},"skip":true}]},"26":{"line":310,"type":"if","locations":[{"start":{"line":310,"column":8},"end":{"line":310,"column":8},"skip":true},{"start":{"line":310,"column":8},"end":{"line":310,"column":8},"skip":true}]},"27":{"line":313,"type":"binary-expr","locations":[{"start":{"line":313,"column":27},"end":{"line":313,"column":43},"skip":true},{"start":{"line":313,"column":47},"end":{"line":313,"column":53},"skip":true}]},"28":{"line":317,"type":"if","locations":[{"start":{"line":317,"column":12},"end":{"line":317,"column":12},"skip":true},{"start":{"line":317,"column":12},"end":{"line":317,"column":12},"skip":true}]}},"code":["/*","example.js","","quickstart example","","instruction","    1. save this script as example.js","    2. run the shell command:","        $ npm install npmtest-react-calendar-timeline && PORT=8081 node example.js","    3. play with the browser-demo on http://127.0.0.1:8081","*/","","","","/* istanbul instrument in package npmtest_react_calendar_timeline */","/*jslint","    bitwise: true,","    browser: true,","    maxerr: 8,","    maxlen: 96,","    node: true,","    nomen: true,","    regexp: true,","    stupid: true","*/","(function () {","    'use strict';","    var local;","","","","    // run shared js-env code - pre-init","    (function () {","        // init local","        local = {};","        // init modeJs","        local.modeJs = (function () {","            try {","                return typeof navigator.userAgent === 'string' &&","                    typeof document.querySelector('body') === 'object' &&","                    typeof XMLHttpRequest.prototype.open === 'function' &&","                    'browser';","            } catch (errorCaughtBrowser) {","                return module.exports &&","                    typeof process.versions.node === 'string' &&","                    typeof require('http').createServer === 'function' &&","                    'node';","            }","        }());","        // init global","        local.global = local.modeJs === 'browser'","            ? window","            : global;","        // init utility2_rollup","        local = local.global.utility2_rollup || (local.modeJs === 'browser'","            ? local.global.utility2_npmtest_react_calendar_timeline","            : global.utility2_moduleExports);","        // export local","        local.global.local = local;","    }());","    switch (local.modeJs) {","","","","    // post-init","    // run browser js-env code - post-init","    /* istanbul ignore next */","    case 'browser':","        local.testRunBrowser = function (event) {","            if (!event || (event &&","                    event.currentTarget &&","                    event.currentTarget.className &&","                    event.currentTarget.className.includes &&","                    event.currentTarget.className.includes('onreset'))) {","                // reset output","                Array.from(","                    document.querySelectorAll('body > .resettable')","                ).forEach(function (element) {","                    switch (element.tagName) {","                    case 'INPUT':","                    case 'TEXTAREA':","                        element.value = '';","                        break;","                    default:","                        element.textContent = '';","                    }","                });","            }","            switch (event && event.currentTarget && event.currentTarget.id) {","            case 'testRunButton1':","                // show tests","                if (document.querySelector('#testReportDiv1').style.display === 'none') {","                    document.querySelector('#testReportDiv1').style.display = 'block';","                    document.querySelector('#testRunButton1').textContent =","                        'hide internal test';","                    local.modeTest = true;","                    local.testRunDefault(local);","                // hide tests","                } else {","                    document.querySelector('#testReportDiv1').style.display = 'none';","                    document.querySelector('#testRunButton1').textContent = 'run internal test';","                }","                break;","            // custom-case","            default:","                break;","            }","            if (document.querySelector('#inputTextareaEval1') && (!event || (event &&","                    event.currentTarget &&","                    event.currentTarget.className &&","                    event.currentTarget.className.includes &&","                    event.currentTarget.className.includes('oneval')))) {","                // try to eval input-code","                try {","                    /*jslint evil: true*/","                    eval(document.querySelector('#inputTextareaEval1').value);","                } catch (errorCaught) {","                    console.error(errorCaught);","                }","            }","        };","        // log stderr and stdout to #outputTextareaStdout1","        ['error', 'log'].forEach(function (key) {","            console[key + '_original'] = console[key];","            console[key] = function () {","                var element;","                console[key + '_original'].apply(console, arguments);","                element = document.querySelector('#outputTextareaStdout1');","                if (!element) {","                    return;","                }","                // append text to #outputTextareaStdout1","                element.value += Array.from(arguments).map(function (arg) {","                    return typeof arg === 'string'","                        ? arg","                        : JSON.stringify(arg, null, 4);","                }).join(' ') + '\\n';","                // scroll textarea to bottom","                element.scrollTop = element.scrollHeight;","            };","        });","        // init event-handling","        ['change', 'click', 'keyup'].forEach(function (event) {","            Array.from(document.querySelectorAll('.on' + event)).forEach(function (element) {","                element.addEventListener(event, local.testRunBrowser);","            });","        });","        // run tests","        local.testRunBrowser();","        break;","","","","    // run node js-env code - post-init","    /* istanbul ignore next */","    case 'node':","        // export local","        module.exports = local;","        // require modules","        local.fs = require('fs');","        local.http = require('http');","        local.url = require('url');","        // init assets","        local.assetsDict = local.assetsDict || {};","        /* jslint-ignore-begin */","        local.assetsDict['/assets.index.template.html'] = '\\","<!doctype html>\\n\\","<html lang=\"en\">\\n\\","<head>\\n\\","<meta charset=\"UTF-8\">\\n\\","<meta name=\"viewport\" content=\"width=device-width, initial-scale=1\">\\n\\","<title>{{env.npm_package_name}} (v{{env.npm_package_version}})</title>\\n\\","<style>\\n\\","/*csslint\\n\\","    box-sizing: false,\\n\\","    universal-selector: false\\n\\","*/\\n\\","* {\\n\\","    box-sizing: border-box;\\n\\","}\\n\\","body {\\n\\","    background: #dde;\\n\\","    font-family: Arial, Helvetica, sans-serif;\\n\\","    margin: 2rem;\\n\\","}\\n\\","body > * {\\n\\","    margin-bottom: 1rem;\\n\\","}\\n\\",".utility2FooterDiv {\\n\\","    margin-top: 20px;\\n\\","    text-align: center;\\n\\","}\\n\\","</style>\\n\\","<style>\\n\\","/*csslint\\n\\","*/\\n\\","textarea {\\n\\","    font-family: monospace;\\n\\","    height: 10rem;\\n\\","    width: 100%;\\n\\","}\\n\\","textarea[readonly] {\\n\\","    background: #ddd;\\n\\","}\\n\\","</style>\\n\\","</head>\\n\\","<body>\\n\\","<!-- utility2-comment\\n\\","<div id=\"ajaxProgressDiv1\" style=\"background: #d00; height: 2px; left: 0; margin: 0; padding: 0; position: fixed; top: 0; transition: background 0.5s, width 1.5s; width: 25%;\"></div>\\n\\","utility2-comment -->\\n\\","<h1>\\n\\","<!-- utility2-comment\\n\\","    <a\\n\\","        {{#if env.npm_package_homepage}}\\n\\","        href=\"{{env.npm_package_homepage}}\"\\n\\","        {{/if env.npm_package_homepage}}\\n\\","        target=\"_blank\"\\n\\","    >\\n\\","utility2-comment -->\\n\\","        {{env.npm_package_name}} (v{{env.npm_package_version}})\\n\\","<!-- utility2-comment\\n\\","    </a>\\n\\","utility2-comment -->\\n\\","</h1>\\n\\","<h3>{{env.npm_package_description}}</h3>\\n\\","<!-- utility2-comment\\n\\","<h4><a download href=\"assets.app.js\">download standalone app</a></h4>\\n\\","<button class=\"onclick onreset\" id=\"testRunButton1\">run internal test</button><br>\\n\\","<div id=\"testReportDiv1\" style=\"display: none;\"></div>\\n\\","utility2-comment -->\\n\\","\\n\\","\\n\\","\\n\\","<label>stderr and stdout</label>\\n\\","<textarea class=\"resettable\" id=\"outputTextareaStdout1\" readonly></textarea>\\n\\","<!-- utility2-comment\\n\\","{{#if isRollup}}\\n\\","<script src=\"assets.app.js\"></script>\\n\\","{{#unless isRollup}}\\n\\","utility2-comment -->\\n\\","<script src=\"assets.utility2.rollup.js\"></script>\\n\\","<script src=\"jsonp.utility2._stateInit?callback=window.utility2._stateInit\"></script>\\n\\","<script src=\"assets.npmtest_react_calendar_timeline.rollup.js\"></script>\\n\\","<script src=\"assets.example.js\"></script>\\n\\","<script src=\"assets.test.js\"></script>\\n\\","<!-- utility2-comment\\n\\","{{/if isRollup}}\\n\\","utility2-comment -->\\n\\","<div class=\"utility2FooterDiv\">\\n\\","    [ this app was created with\\n\\","    <a href=\"https://github.com/kaizhu256/node-utility2\" target=\"_blank\">utility2</a>\\n\\","    ]\\n\\","</div>\\n\\","</body>\\n\\","</html>\\n\\","';","        /* jslint-ignore-end */","        if (local.templateRender) {","            local.assetsDict['/'] = local.templateRender(","                local.assetsDict['/assets.index.template.html'],","                {","                    env: local.objectSetDefault(local.env, {","                        npm_package_description: 'the greatest app in the world!',","                        npm_package_name: 'my-app',","                        npm_package_nameAlias: 'my_app',","                        npm_package_version: '0.0.1'","                    })","                }","            );","        } else {","            local.assetsDict['/'] = local.assetsDict['/assets.index.template.html']","                .replace((/\\{\\{env\\.(\\w+?)\\}\\}/g), function (match0, match1) {","                    // jslint-hack","                    String(match0);","                    switch (match1) {","                    case 'npm_package_description':","                        return 'the greatest app in the world!';","                    case 'npm_package_name':","                        return 'my-app';","                    case 'npm_package_nameAlias':","                        return 'my_app';","                    case 'npm_package_version':","                        return '0.0.1';","                    }","                });","        }","        // run the cli","        if (local.global.utility2_rollup || module !== require.main) {","            break;","        }","        local.assetsDict['/assets.example.js'] =","            local.assetsDict['/assets.example.js'] ||","            local.fs.readFileSync(__filename, 'utf8');","        // bug-workaround - long $npm_package_buildCustomOrg","        /* jslint-ignore-begin */","        local.assetsDict['/assets.npmtest_react_calendar_timeline.rollup.js'] =","            local.assetsDict['/assets.npmtest_react_calendar_timeline.rollup.js'] ||","            local.fs.readFileSync(","                local.npmtest_react_calendar_timeline.__dirname + '/lib.npmtest_react_calendar_timeline.js',","                'utf8'","            ).replace((/^#!/), '//');","        /* jslint-ignore-end */","        local.assetsDict['/favicon.ico'] = local.assetsDict['/favicon.ico'] || '';","        // if $npm_config_timeout_exit exists,","        // then exit this process after $npm_config_timeout_exit ms","        if (Number(process.env.npm_config_timeout_exit)) {","            setTimeout(process.exit, Number(process.env.npm_config_timeout_exit));","        }","        // start server","        if (local.global.utility2_serverHttp1) {","            break;","        }","        process.env.PORT = process.env.PORT || '8081';","        console.error('server starting on port ' + process.env.PORT);","        local.http.createServer(function (request, response) {","            request.urlParsed = local.url.parse(request.url);","            if (local.assetsDict[request.urlParsed.pathname] !== undefined) {","                response.end(local.assetsDict[request.urlParsed.pathname]);","                return;","            }","            response.statusCode = 404;","            response.end();","        }).listen(process.env.PORT);","        break;","    }","}());",""],"l":{"26":2,"28":2,"33":2,"35":2,"37":2,"38":2,"39":2,"44":1,"51":2,"55":2,"59":2,"61":2,"69":1,"70":2,"76":2,"79":2,"82":2,"83":2,"85":1,"89":2,"92":1,"93":1,"94":1,"96":1,"97":1,"100":1,"101":1,"103":1,"106":1,"108":2,"114":1,"116":1,"118":1,"123":1,"124":2,"125":2,"126":3,"127":3,"128":3,"129":3,"130":1,"133":3,"134":3,"139":3,"143":1,"144":3,"145":1,"149":1,"150":1,"158":1,"160":1,"161":1,"162":1,"164":1,"166":1,"258":1,"259":1,"271":1,"274":6,"275":6,"277":1,"279":2,"281":1,"283":2,"288":1,"289":1,"291":1,"296":1,"303":1,"306":1,"307":1,"310":1,"311":1,"313":1,"314":1,"315":1,"316":1,"317":1,"318":1,"319":1,"321":1,"322":1,"324":1}},"/home/travis/build/npmtest/node-npmtest-react-calendar-timeline/node_modules/react-calendar-timeline/modules/index.js":{"path":"/home/travis/build/npmtest/node-npmtest-react-calendar-timeline/node_modules/react-calendar-timeline/modules/index.js","s":{"1":2,"2":2,"3":0,"4":1,"5":0,"6":0},"b":{"1":[0,0],"2":[0,0]},"f":{"1":0},"fnMap":{"1":{"name":"_interopRequireDefault","line":11,"loc":{"start":{"line":11,"column":0},"end":{"line":11,"column":37}}}},"statementMap":{"1":{"start":{"line":3,"column":0},"end":{"line":5,"column":3}},"2":{"start":{"line":7,"column":0},"end":{"line":7,"column":42}},"3":{"start":{"line":9,"column":0},"end":{"line":9,"column":51}},"4":{"start":{"line":11,"column":0},"end":{"line":11,"column":95}},"5":{"start":{"line":11,"column":39},"end":{"line":11,"column":93}},"6":{"start":{"line":13,"column":0},"end":{"line":13,"column":37}}},"branchMap":{"1":{"line":11,"type":"cond-expr","locations":[{"start":{"line":11,"column":70},"end":{"line":11,"column":73}},{"start":{"line":11,"column":76},"end":{"line":11,"column":92}}]},"2":{"line":11,"type":"binary-expr","locations":[{"start":{"line":11,"column":46},"end":{"line":11,"column":49}},{"start":{"line":11,"column":53},"end":{"line":11,"column":67}}]}},"code":["'use strict';","","Object.defineProperty(exports, \"__esModule\", {","  value: true","});","","var _Timeline = require('./lib/Timeline');","","var _Timeline2 = _interopRequireDefault(_Timeline);","","function _interopRequireDefault(obj) { return obj && obj.__esModule ? obj : { default: obj }; }","","exports.default = _Timeline2.default;"],"l":{"3":2,"7":2,"9":0,"11":1,"13":0}},"/home/travis/build/npmtest/node-npmtest-react-calendar-timeline/node_modules/react-calendar-timeline/modules/lib/Timeline.js":{"path":"/home/travis/build/npmtest/node-npmtest-react-calendar-timeline/node_modules/react-calendar-timeline/modules/lib/Timeline.js","s":{"1":4,"2":4,"3":1,"4":0,"5":0,"6":0,"7":0,"8":0,"9":0,"10":0,"11":0,"12":0,"13":0,"14":0,"15":0,"16":0,"17":0,"18":0,"19":0,"20":0,"21":4,"22":0,"23":0,"24":0,"25":0,"26":0,"27":4,"28":1,"29":0,"30":0,"31":0,"32":0,"33":0,"34":0,"35":0,"36":4,"37":0,"38":0,"39":0,"40":0,"41":0,"42":4,"43":4,"44":4,"45":4,"46":4,"47":0,"48":0,"49":0,"50":0,"51":0,"52":0,"53":0,"54":0,"55":0,"56":0,"57":0,"58":0,"59":0,"60":0,"61":0,"62":1,"63":8,"64":1,"65":0,"66":0,"67":0,"68":0,"69":0,"70":1,"71":0,"72":0,"73":1,"74":0,"75":0,"76":0,"77":1,"78":0,"79":0,"80":0,"81":0,"82":0,"83":0,"84":0,"85":0,"86":0,"87":1,"88":0,"89":0,"90":0,"91":0,"92":0,"93":0,"94":0,"95":0,"96":0,"97":0,"98":0,"99":0,"100":0,"101":0,"102":0,"103":0,"104":0,"105":0,"106":0,"107":0,"108":0,"109":0,"110":0,"111":0,"112":0,"113":0,"114":0,"115":0,"116":0,"117":0,"118":0,"119":0,"120":0,"121":0,"122":0,"123":0,"124":0,"125":0,"126":0,"127":0,"128":0,"129":0,"130":0,"131":0,"132":0,"133":0,"134":0,"135":0,"136":0,"137":0,"138":0,"139":0,"140":0,"141":0,"142":0,"143":0,"144":0,"145":0,"146":0,"147":0,"148":0,"149":0,"150":0,"151":0,"152":0,"153":0,"154":0,"155":0,"156":0,"157":0,"158":0,"159":0,"160":0,"161":0,"162":0,"163":0,"164":0,"165":0,"166":0,"167":0,"168":0,"169":0,"170":0,"171":0,"172":0,"173":0,"174":0,"175":0,"176":0,"177":0,"178":0,"179":0,"180":0,"181":0,"182":0,"183":0,"184":0,"185":0,"186":0,"187":0,"188":0,"189":0,"190":0,"191":0,"192":0,"193":0,"194":0,"195":0,"196":0,"197":0,"198":0,"199":0,"200":0,"201":0,"202":0,"203":0,"204":0,"205":0,"206":0,"207":0,"208":0,"209":0,"210":0,"211":0,"212":0,"213":0,"214":0,"215":0,"216":0,"217":0,"218":0,"219":0,"220":0,"221":0,"222":0,"223":0,"224":0,"225":0,"226":0,"227":0,"228":0,"229":0,"230":0,"231":0,"232":0,"233":0,"234":0,"235":0,"236":0,"237":0,"238":0,"239":0,"240":0,"241":0,"242":0,"243":0,"244":0,"245":0,"246":0,"247":0,"248":0,"249":0,"250":0,"251":0,"252":0,"253":0,"254":0,"255":0,"256":0,"257":0,"258":0,"259":0,"260":0,"261":0,"262":0,"263":0,"264":0,"265":0,"266":0,"267":0,"268":0,"269":0,"270":0,"271":0,"272":0,"273":0,"274":0,"275":0,"276":0,"277":0,"278":0,"279":0,"280":0,"281":0,"282":0,"283":0,"284":0,"285":0,"286":0,"287":0,"288":0,"289":0,"290":0,"291":0,"292":0,"293":0,"294":0,"295":0,"296":0,"297":0,"298":0,"299":0,"300":0,"301":0,"302":0,"303":0,"304":0,"305":0,"306":0,"307":0,"308":0,"309":0,"310":0,"311":0,"312":0,"313":0,"314":0,"315":0,"316":0,"317":0,"318":0,"319":0,"320":0,"321":0,"322":0,"323":0,"324":0,"325":0,"326":0,"327":0,"328":0,"329":0,"330":0,"331":0,"332":0,"333":0,"334":0,"335":0,"336":0,"337":0,"338":0,"339":0,"340":0,"341":0,"342":0,"343":0,"344":0,"345":0,"346":0,"347":0,"348":0,"349":0,"350":0,"351":0,"352":0,"353":0,"354":0,"355":0,"356":0,"357":0,"358":0,"359":0,"360":0,"361":0,"362":0,"363":0,"364":0,"365":0,"366":0,"367":0,"368":0,"369":0,"370":0,"371":0,"372":0,"373":0,"374":0,"375":0,"376":0,"377":0,"378":0,"379":0,"380":0,"381":0,"382":0,"383":0,"384":0,"385":0,"386":0,"387":0,"388":0,"389":0,"390":0,"391":0,"392":0,"393":0,"394":0,"395":0,"396":0,"397":0,"398":0,"399":0,"400":0,"401":0,"402":0,"403":0,"404":0,"405":0,"406":0,"407":0,"408":0,"409":0,"410":0,"411":0,"412":0,"413":0,"414":0,"415":0,"416":0},"b":{"1":[0,0],"2":[0,0],"3":[0,0],"4":[0,0],"5":[0,0],"6":[0,0],"7":[0,0],"8":[0,0],"9":[0,0],"10":[0,0],"11":[0,0],"12":[0,8],"13":[8,8],"14":[0,0],"15":[0,0],"16":[0,0],"17":[0,0],"18":[0,0,0],"19":[0,0],"20":[0,0],"21":[0,0],"22":[0,0],"23":[0,0],"24":[0,0],"25":[0,0],"26":[0,0],"27":[0,0],"28":[0,0],"29":[0,0],"30":[0,0],"31":[0,0],"32":[0,0],"33":[0,0],"34":[0,0],"35":[0,0],"36":[0,0],"37":[0,0],"38":[0,0],"39":[0,0],"40":[0,0],"41":[0,0],"42":[0,0],"43":[0,0],"44":[0,0],"45":[0,0],"46":[0,0],"47":[0,0],"48":[0,0],"49":[0,0],"50":[0,0],"51":[0,0],"52":[0,0],"53":[0,0],"54":[0,0],"55":[0,0],"56":[0,0],"57":[0,0,0],"58":[0,0],"59":[0,0],"60":[0,0],"61":[0,0],"62":[0,0],"63":[0,0],"64":[0,0],"65":[0,0],"66":[0,0],"67":[0,0],"68":[0,0],"69":[0,0,0,0],"70":[0,0],"71":[0,0],"72":[0,0],"73":[0,0],"74":[0,0],"75":[0,0,0],"76":[0,0],"77":[0,0],"78":[0,0],"79":[0,0],"80":[0,0],"81":[0,0],"82":[0,0],"83":[0,0],"84":[0,0],"85":[0,0],"86":[0,0],"87":[0,0,0],"88":[0,0],"89":[0,0,0],"90":[0,0],"91":[0,0],"92":[0,0],"93":[0,0],"94":[0,0],"95":[0,0],"96":[0,0],"97":[0,0],"98":[0,0],"99":[0,0],"100":[0,0],"101":[0,0],"102":[0,0],"103":[0,0],"104":[0,0,0],"105":[0,0],"106":[0,0],"107":[0,0],"108":[0,0],"109":[0,0],"110":[0,0],"111":[0,0]},"f":{"1":4,"2":0,"3":0,"4":4,"5":0,"6":0,"7":8,"8":0,"9":0,"10":0,"11":0,"12":0,"13":0,"14":0,"15":0,"16":0,"17":0,"18":0,"19":0,"20":0,"21":0,"22":0,"23":0,"24":0,"25":0,"26":0,"27":0,"28":0,"29":0,"30":0,"31":0,"32":0,"33":0,"34":0,"35":0,"36":0,"37":0,"38":0,"39":0,"40":0,"41":0,"42":0,"43":0,"44":0,"45":0,"46":0,"47":0,"48":0,"49":0,"50":0,"51":0,"52":0,"53":0,"54":0,"55":0},"fnMap":{"1":{"name":"(anonymous_1)","line":7,"loc":{"start":{"line":7,"column":21},"end":{"line":7,"column":33}}},"2":{"name":"sliceIterator","line":7,"loc":{"start":{"line":7,"column":35},"end":{"line":7,"column":66}}},"3":{"name":"(anonymous_3)","line":7,"loc":{"start":{"line":7,"column":436},"end":{"line":7,"column":454}}},"4":{"name":"(anonymous_4)","line":9,"loc":{"start":{"line":9,"column":19},"end":{"line":9,"column":31}}},"5":{"name":"defineProperties","line":9,"loc":{"start":{"line":9,"column":33},"end":{"line":9,"column":74}}},"6":{"name":"(anonymous_6)","line":9,"loc":{"start":{"line":9,"column":357},"end":{"line":9,"column":405}}},"7":{"name":"_interopRequireDefault","line":51,"loc":{"start":{"line":51,"column":0},"end":{"line":51,"column":37}}},"8":{"name":"_toConsumableArray","line":53,"loc":{"start":{"line":53,"column":0},"end":{"line":53,"column":33}}},"9":{"name":"_classCallCheck","line":55,"loc":{"start":{"line":55,"column":0},"end":{"line":55,"column":48}}},"10":{"name":"_possibleConstructorReturn","line":57,"loc":{"start":{"line":57,"column":0},"end":{"line":57,"column":48}}},"11":{"name":"_inherits","line":59,"loc":{"start":{"line":59,"column":0},"end":{"line":59,"column":41}}},"12":{"name":"(anonymous_12)","line":81,"loc":{"start":{"line":81,"column":28},"end":{"line":81,"column":50}}},"13":{"name":"ReactCalendarTimeline","line":84,"loc":{"start":{"line":84,"column":2},"end":{"line":84,"column":40}}},"14":{"name":"(anonymous_14)","line":101,"loc":{"start":{"line":101,"column":87},"end":{"line":101,"column":103}}},"15":{"name":"(anonymous_15)","line":104,"loc":{"start":{"line":104,"column":85},"end":{"line":104,"column":101}}},"16":{"name":"componentDidMount","line":150,"loc":{"start":{"line":150,"column":11},"end":{"line":150,"column":40}}},"17":{"name":"handleEvent","line":156,"loc":{"start":{"line":156,"column":21},"end":{"line":156,"column":49}}},"18":{"name":"componentWillUnmount","line":171,"loc":{"start":{"line":171,"column":11},"end":{"line":171,"column":43}}},"19":{"name":"resize","line":179,"loc":{"start":{"line":179,"column":11},"end":{"line":179,"column":29}}},"20":{"name":"componentWillReceiveProps","line":205,"loc":{"start":{"line":205,"column":11},"end":{"line":205,"column":57}}},"21":{"name":"updateDimensions","line":222,"loc":{"start":{"line":222,"column":11},"end":{"line":222,"column":52}}},"22":{"name":"zoomIn","line":242,"loc":{"start":{"line":242,"column":11},"end":{"line":242,"column":30}}},"23":{"name":"zoomOut","line":249,"loc":{"start":{"line":249,"column":11},"end":{"line":249,"column":31}}},"24":{"name":"changeZoom","line":256,"loc":{"start":{"line":256,"column":11},"end":{"line":256,"column":38}}},"25":{"name":"rowAndTimeFromEvent","line":270,"loc":{"start":{"line":270,"column":11},"end":{"line":270,"column":43}}},"26":{"name":"todayLine","line":292,"loc":{"start":{"line":292,"column":11},"end":{"line":292,"column":112}}},"27":{"name":"verticalLines","line":304,"loc":{"start":{"line":304,"column":11},"end":{"line":304,"column":127}}},"28":{"name":"horizontalLines","line":319,"loc":{"start":{"line":319,"column":11},"end":{"line":319,"column":115}}},"29":{"name":"items","line":330,"loc":{"start":{"line":330,"column":11},"end":{"line":330,"column":127}}},"30":{"name":"infoLabel","line":363,"loc":{"start":{"line":363,"column":11},"end":{"line":363,"column":32}}},"31":{"name":"header","line":376,"loc":{"start":{"line":376,"column":11},"end":{"line":376,"column":141}}},"32":{"name":"sidebar","line":395,"loc":{"start":{"line":395,"column":11},"end":{"line":395,"column":64}}},"33":{"name":"stackItems","line":414,"loc":{"start":{"line":414,"column":11},"end":{"line":414,"column":104}}},"34":{"name":"(anonymous_34)","line":440,"loc":{"start":{"line":440,"column":44},"end":{"line":440,"column":60}}},"35":{"name":"(anonymous_35)","line":464,"loc":{"start":{"line":464,"column":16},"end":{"line":464,"column":29}}},"36":{"name":"render","line":479,"loc":{"start":{"line":479,"column":11},"end":{"line":479,"column":29}}},"37":{"name":"onTimeChange","line":683,"loc":{"start":{"line":683,"column":16},"end":{"line":683,"column":92}}},"38":{"name":"_initialiseProps","line":693,"loc":{"start":{"line":693,"column":23},"end":{"line":693,"column":51}}},"39":{"name":"(anonymous_39)","line":696,"loc":{"start":{"line":696,"column":20},"end":{"line":696,"column":33}}},"40":{"name":"(anonymous_40)","line":715,"loc":{"start":{"line":715,"column":19},"end":{"line":715,"column":32}}},"41":{"name":"(anonymous_41)","line":758,"loc":{"start":{"line":758,"column":18},"end":{"line":758,"column":31}}},"42":{"name":"(anonymous_42)","line":772,"loc":{"start":{"line":772,"column":18},"end":{"line":772,"column":30}}},"43":{"name":"(anonymous_43)","line":799,"loc":{"start":{"line":799,"column":28},"end":{"line":799,"column":124}}},"44":{"name":"(anonymous_44)","line":856,"loc":{"start":{"line":856,"column":17},"end":{"line":856,"column":30}}},"45":{"name":"(anonymous_45)","line":892,"loc":{"start":{"line":892,"column":20},"end":{"line":892,"column":42}}},"46":{"name":"(anonymous_46)","line":914,"loc":{"start":{"line":914,"column":20},"end":{"line":914,"column":50}}},"47":{"name":"(anonymous_47)","line":927,"loc":{"start":{"line":927,"column":25},"end":{"line":927,"column":38}}},"48":{"name":"(anonymous_48)","line":947,"loc":{"start":{"line":947,"column":18},"end":{"line":947,"column":59}}},"49":{"name":"(anonymous_49)","line":959,"loc":{"start":{"line":959,"column":18},"end":{"line":959,"column":59}}},"50":{"name":"(anonymous_50)","line":966,"loc":{"start":{"line":966,"column":22},"end":{"line":966,"column":56}}},"51":{"name":"(anonymous_51)","line":974,"loc":{"start":{"line":974,"column":21},"end":{"line":974,"column":55}}},"52":{"name":"(anonymous_52)","line":981,"loc":{"start":{"line":981,"column":25},"end":{"line":981,"column":38}}},"53":{"name":"(anonymous_53)","line":995,"loc":{"start":{"line":995,"column":25},"end":{"line":995,"column":38}}},"54":{"name":"(anonymous_54)","line":1002,"loc":{"start":{"line":1002,"column":23},"end":{"line":1002,"column":36}}},"55":{"name":"(anonymous_55)","line":1013,"loc":{"start":{"line":1013,"column":27},"end":{"line":1013,"column":40}}}},"statementMap":{"1":{"start":{"line":3,"column":0},"end":{"line":5,"column":3}},"2":{"start":{"line":7,"column":0},"end":{"line":7,"column":664}},"3":{"start":{"line":7,"column":35},"end":{"line":7,"column":428}},"4":{"start":{"line":7,"column":68},"end":{"line":7,"column":82}},"5":{"start":{"line":7,"column":83},"end":{"line":7,"column":97}},"6":{"start":{"line":7,"column":98},"end":{"line":7,"column":113}},"7":{"start":{"line":7,"column":114},"end":{"line":7,"column":133}},"8":{"start":{"line":7,"column":134},"end":{"line":7,"column":413}},"9":{"start":{"line":7,"column":140},"end":{"line":7,"column":283}},"10":{"start":{"line":7,"column":226},"end":{"line":7,"column":246}},"11":{"start":{"line":7,"column":247},"end":{"line":7,"column":281}},"12":{"start":{"line":7,"column":275},"end":{"line":7,"column":281}},"13":{"start":{"line":7,"column":300},"end":{"line":7,"column":310}},"14":{"start":{"line":7,"column":311},"end":{"line":7,"column":320}},"15":{"start":{"line":7,"column":333},"end":{"line":7,"column":411}},"16":{"start":{"line":7,"column":339},"end":{"line":7,"column":379}},"17":{"start":{"line":7,"column":364},"end":{"line":7,"column":379}},"18":{"start":{"line":7,"column":392},"end":{"line":7,"column":409}},"19":{"start":{"line":7,"column":400},"end":{"line":7,"column":409}},"20":{"start":{"line":7,"column":414},"end":{"line":7,"column":426}},"21":{"start":{"line":7,"column":429},"end":{"line":7,"column":659}},"22":{"start":{"line":7,"column":456},"end":{"line":7,"column":656}},"23":{"start":{"line":7,"column":482},"end":{"line":7,"column":493}},"24":{"start":{"line":7,"column":501},"end":{"line":7,"column":656}},"25":{"start":{"line":7,"column":539},"end":{"line":7,"column":568}},"26":{"start":{"line":7,"column":578},"end":{"line":7,"column":654}},"27":{"start":{"line":9,"column":0},"end":{"line":9,"column":564}},"28":{"start":{"line":9,"column":33},"end":{"line":9,"column":349}},"29":{"start":{"line":9,"column":76},"end":{"line":9,"column":347}},"30":{"start":{"line":9,"column":117},"end":{"line":9,"column":143}},"31":{"start":{"line":9,"column":144},"end":{"line":9,"column":199}},"32":{"start":{"line":9,"column":200},"end":{"line":9,"column":231}},"33":{"start":{"line":9,"column":232},"end":{"line":9,"column":286}},"34":{"start":{"line":9,"column":259},"end":{"line":9,"column":286}},"35":{"start":{"line":9,"column":287},"end":{"line":9,"column":345}},"36":{"start":{"line":9,"column":350},"end":{"line":9,"column":559}},"37":{"start":{"line":9,"column":407},"end":{"line":9,"column":475}},"38":{"start":{"line":9,"column":423},"end":{"line":9,"column":475}},"39":{"start":{"line":9,"column":476},"end":{"line":9,"column":536}},"40":{"start":{"line":9,"column":493},"end":{"line":9,"column":536}},"41":{"start":{"line":9,"column":537},"end":{"line":9,"column":556}},"42":{"start":{"line":11,"column":0},"end":{"line":11,"column":30}},"43":{"start":{"line":13,"column":0},"end":{"line":13,"column":45}},"44":{"start":{"line":15,"column":0},"end":{"line":15,"column":32}},"45":{"start":{"line":17,"column":0},"end":{"line":17,"column":47}},"46":{"start":{"line":19,"column":0},"end":{"line":19,"column":26}},"47":{"start":{"line":21,"column":0},"end":{"line":21,"column":38}},"48":{"start":{"line":23,"column":0},"end":{"line":23,"column":45}},"49":{"start":{"line":25,"column":0},"end":{"line":25,"column":47}},"50":{"start":{"line":27,"column":0},"end":{"line":27,"column":53}},"51":{"start":{"line":29,"column":0},"end":{"line":29,"column":43}},"52":{"start":{"line":31,"column":0},"end":{"line":31,"column":49}},"53":{"start":{"line":33,"column":0},"end":{"line":33,"column":41}},"54":{"start":{"line":35,"column":0},"end":{"line":35,"column":47}},"55":{"start":{"line":37,"column":0},"end":{"line":37,"column":54}},"56":{"start":{"line":39,"column":0},"end":{"line":39,"column":61}},"57":{"start":{"line":41,"column":0},"end":{"line":41,"column":58}},"58":{"start":{"line":43,"column":0},"end":{"line":43,"column":65}},"59":{"start":{"line":45,"column":0},"end":{"line":45,"column":46}},"60":{"start":{"line":47,"column":0},"end":{"line":47,"column":53}},"61":{"start":{"line":49,"column":0},"end":{"line":49,"column":35}},"62":{"start":{"line":51,"column":0},"end":{"line":51,"column":95}},"63":{"start":{"line":51,"column":39},"end":{"line":51,"column":93}},"64":{"start":{"line":53,"column":0},"end":{"line":53,"column":195}},"65":{"start":{"line":53,"column":35},"end":{"line":53,"column":193}},"66":{"start":{"line":53,"column":61},"end":{"line":53,"column":145}},"67":{"start":{"line":53,"column":126},"end":{"line":53,"column":143}},"68":{"start":{"line":53,"column":146},"end":{"line":53,"column":158}},"69":{"start":{"line":53,"column":168},"end":{"line":53,"column":191}},"70":{"start":{"line":55,"column":0},"end":{"line":55,"column":153}},"71":{"start":{"line":55,"column":50},"end":{"line":55,"column":151}},"72":{"start":{"line":55,"column":92},"end":{"line":55,"column":149}},"73":{"start":{"line":57,"column":0},"end":{"line":57,"column":240}},"74":{"start":{"line":57,"column":50},"end":{"line":57,"column":151}},"75":{"start":{"line":57,"column":63},"end":{"line":57,"column":149}},"76":{"start":{"line":57,"column":152},"end":{"line":57,"column":238}},"77":{"start":{"line":59,"column":0},"end":{"line":59,"column":494}},"78":{"start":{"line":59,"column":43},"end":{"line":59,"column":208}},"79":{"start":{"line":59,"column":106},"end":{"line":59,"column":206}},"80":{"start":{"line":59,"column":209},"end":{"line":59,"column":373}},"81":{"start":{"line":59,"column":374},"end":{"line":59,"column":492}},"82":{"start":{"line":59,"column":390},"end":{"line":59,"column":492}},"83":{"start":{"line":61,"column":0},"end":{"line":70,"column":2}},"84":{"start":{"line":72,"column":0},"end":{"line":79,"column":2}},"85":{"start":{"line":81,"column":0},"end":{"line":569,"column":20}},"86":{"start":{"line":82,"column":2},"end":{"line":82,"column":47}},"87":{"start":{"line":84,"column":2},"end":{"line":146,"column":3}},"88":{"start":{"line":85,"column":4},"end":{"line":85,"column":49}},"89":{"start":{"line":87,"column":4},"end":{"line":87,"column":150}},"90":{"start":{"line":89,"column":4},"end":{"line":89,"column":33}},"91":{"start":{"line":91,"column":4},"end":{"line":91,"column":32}},"92":{"start":{"line":92,"column":4},"end":{"line":92,"column":30}},"93":{"start":{"line":94,"column":4},"end":{"line":116,"column":5}},"94":{"start":{"line":95,"column":6},"end":{"line":95,"column":64}},"95":{"start":{"line":96,"column":6},"end":{"line":96,"column":60}},"96":{"start":{"line":97,"column":11},"end":{"line":116,"column":5}},"97":{"start":{"line":98,"column":6},"end":{"line":98,"column":54}},"98":{"start":{"line":99,"column":6},"end":{"line":99,"column":50}},"99":{"start":{"line":101,"column":6},"end":{"line":103,"column":11}},"100":{"start":{"line":102,"column":8},"end":{"line":102,"column":57}},"101":{"start":{"line":104,"column":6},"end":{"line":106,"column":11}},"102":{"start":{"line":105,"column":8},"end":{"line":105,"column":55}},"103":{"start":{"line":108,"column":6},"end":{"line":111,"column":7}},"104":{"start":{"line":109,"column":8},"end":{"line":109,"column":67}},"105":{"start":{"line":110,"column":8},"end":{"line":110,"column":65}},"106":{"start":{"line":113,"column":6},"end":{"line":115,"column":7}},"107":{"start":{"line":114,"column":8},"end":{"line":114,"column":65}},"108":{"start":{"line":118,"column":4},"end":{"line":133,"column":6}},"109":{"start":{"line":135,"column":4},"end":{"line":139,"column":47}},"110":{"start":{"line":141,"column":4},"end":{"line":141,"column":48}},"111":{"start":{"line":142,"column":4},"end":{"line":142,"column":32}},"112":{"start":{"line":143,"column":4},"end":{"line":143,"column":44}},"113":{"start":{"line":144,"column":4},"end":{"line":144,"column":38}},"114":{"start":{"line":145,"column":4},"end":{"line":145,"column":17}},"115":{"start":{"line":148,"column":2},"end":{"line":566,"column":6}},"116":{"start":{"line":151,"column":6},"end":{"line":151,"column":24}},"117":{"start":{"line":153,"column":6},"end":{"line":153,"column":20}},"118":{"start":{"line":155,"column":6},"end":{"line":159,"column":8}},"119":{"start":{"line":157,"column":10},"end":{"line":157,"column":26}},"120":{"start":{"line":161,"column":6},"end":{"line":161,"column":66}},"121":{"start":{"line":163,"column":6},"end":{"line":163,"column":36}},"122":{"start":{"line":165,"column":6},"end":{"line":165,"column":80}},"123":{"start":{"line":166,"column":6},"end":{"line":166,"column":78}},"124":{"start":{"line":167,"column":6},"end":{"line":167,"column":76}},"125":{"start":{"line":172,"column":6},"end":{"line":172,"column":69}},"126":{"start":{"line":173,"column":6},"end":{"line":173,"column":83}},"127":{"start":{"line":174,"column":6},"end":{"line":174,"column":81}},"128":{"start":{"line":175,"column":6},"end":{"line":175,"column":79}},"129":{"start":{"line":181,"column":6},"end":{"line":183,"column":51}},"130":{"start":{"line":185,"column":6},"end":{"line":185,"column":59}},"131":{"start":{"line":187,"column":6},"end":{"line":191,"column":44}},"132":{"start":{"line":193,"column":6},"end":{"line":200,"column":9}},"133":{"start":{"line":201,"column":6},"end":{"line":201,"column":51}},"134":{"start":{"line":206,"column":6},"end":{"line":209,"column":36}},"135":{"start":{"line":212,"column":6},"end":{"line":214,"column":7}},"136":{"start":{"line":213,"column":8},"end":{"line":213,"column":141}},"137":{"start":{"line":216,"column":6},"end":{"line":218,"column":7}},"138":{"start":{"line":217,"column":8},"end":{"line":217,"column":45}},"139":{"start":{"line":223,"column":6},"end":{"line":227,"column":31}},"140":{"start":{"line":229,"column":6},"end":{"line":233,"column":45}},"141":{"start":{"line":235,"column":6},"end":{"line":235,"column":122}},"142":{"start":{"line":243,"column":6},"end":{"line":243,"column":25}},"143":{"start":{"line":245,"column":6},"end":{"line":245,"column":28}},"144":{"start":{"line":250,"column":6},"end":{"line":250,"column":25}},"145":{"start":{"line":252,"column":6},"end":{"line":252,"column":28}},"146":{"start":{"line":257,"column":6},"end":{"line":257,"column":91}},"147":{"start":{"line":258,"column":6},"end":{"line":260,"column":35}},"148":{"start":{"line":262,"column":6},"end":{"line":262,"column":76}},"149":{"start":{"line":263,"column":6},"end":{"line":263,"column":86}},"150":{"start":{"line":264,"column":6},"end":{"line":264,"column":103}},"151":{"start":{"line":266,"column":6},"end":{"line":266,"column":118}},"152":{"start":{"line":271,"column":6},"end":{"line":273,"column":38}},"153":{"start":{"line":274,"column":6},"end":{"line":277,"column":50}},"154":{"start":{"line":280,"column":6},"end":{"line":280,"column":74}},"155":{"start":{"line":281,"column":6},"end":{"line":281,"column":43}},"156":{"start":{"line":282,"column":6},"end":{"line":282,"column":43}},"157":{"start":{"line":284,"column":6},"end":{"line":284,"column":62}},"158":{"start":{"line":285,"column":6},"end":{"line":285,"column":96}},"159":{"start":{"line":286,"column":6},"end":{"line":286,"column":52}},"160":{"start":{"line":288,"column":6},"end":{"line":288,"column":25}},"161":{"start":{"line":293,"column":6},"end":{"line":300,"column":9}},"162":{"start":{"line":305,"column":6},"end":{"line":315,"column":9}},"163":{"start":{"line":320,"column":6},"end":{"line":326,"column":9}},"164":{"start":{"line":331,"column":6},"end":{"line":359,"column":41}},"165":{"start":{"line":364,"column":6},"end":{"line":364,"column":23}},"166":{"start":{"line":366,"column":6},"end":{"line":370,"column":7}},"167":{"start":{"line":367,"column":8},"end":{"line":367,"column":108}},"168":{"start":{"line":368,"column":13},"end":{"line":370,"column":7}},"169":{"start":{"line":369,"column":8},"end":{"line":369,"column":75}},"170":{"start":{"line":372,"column":6},"end":{"line":372,"column":95}},"171":{"start":{"line":377,"column":6},"end":{"line":391,"column":39}},"172":{"start":{"line":396,"column":6},"end":{"line":410,"column":8}},"173":{"start":{"line":415,"column":6},"end":{"line":423,"column":52}},"174":{"start":{"line":424,"column":6},"end":{"line":430,"column":48}},"175":{"start":{"line":432,"column":6},"end":{"line":432,"column":51}},"176":{"start":{"line":433,"column":6},"end":{"line":433,"column":53}},"177":{"start":{"line":434,"column":6},"end":{"line":434,"column":34}},"178":{"start":{"line":435,"column":6},"end":{"line":435,"column":68}},"179":{"start":{"line":437,"column":6},"end":{"line":437,"column":98}},"180":{"start":{"line":438,"column":6},"end":{"line":438,"column":65}},"181":{"start":{"line":440,"column":6},"end":{"line":466,"column":9}},"182":{"start":{"line":441,"column":8},"end":{"line":463,"column":10}},"183":{"start":{"line":465,"column":8},"end":{"line":465,"column":28}},"184":{"start":{"line":468,"column":6},"end":{"line":468,"column":70}},"185":{"start":{"line":470,"column":6},"end":{"line":473,"column":48}},"186":{"start":{"line":475,"column":6},"end":{"line":475,"column":114}},"187":{"start":{"line":480,"column":6},"end":{"line":486,"column":40}},"188":{"start":{"line":487,"column":6},"end":{"line":494,"column":52}},"189":{"start":{"line":495,"column":6},"end":{"line":499,"column":40}},"190":{"start":{"line":501,"column":6},"end":{"line":501,"column":51}},"191":{"start":{"line":502,"column":6},"end":{"line":502,"column":53}},"192":{"start":{"line":503,"column":6},"end":{"line":503,"column":34}},"193":{"start":{"line":504,"column":6},"end":{"line":504,"column":67}},"194":{"start":{"line":505,"column":6},"end":{"line":505,"column":68}},"195":{"start":{"line":507,"column":6},"end":{"line":513,"column":7}},"196":{"start":{"line":508,"column":8},"end":{"line":508,"column":116}},"197":{"start":{"line":509,"column":8},"end":{"line":509,"column":53}},"198":{"start":{"line":510,"column":8},"end":{"line":510,"column":37}},"199":{"start":{"line":511,"column":8},"end":{"line":511,"column":49}},"200":{"start":{"line":512,"column":8},"end":{"line":512,"column":43}},"201":{"start":{"line":515,"column":6},"end":{"line":517,"column":8}},"202":{"start":{"line":519,"column":6},"end":{"line":523,"column":8}},"203":{"start":{"line":525,"column":6},"end":{"line":528,"column":8}},"204":{"start":{"line":530,"column":6},"end":{"line":564,"column":8}},"205":{"start":{"line":568,"column":2},"end":{"line":568,"column":31}},"206":{"start":{"line":571,"column":0},"end":{"line":630,"column":2}},"207":{"start":{"line":631,"column":0},"end":{"line":691,"column":2}},"208":{"start":{"line":684,"column":4},"end":{"line":684,"column":57}},"209":{"start":{"line":693,"column":0},"end":{"line":1070,"column":2}},"210":{"start":{"line":694,"column":2},"end":{"line":694,"column":20}},"211":{"start":{"line":696,"column":2},"end":{"line":713,"column":4}},"212":{"start":{"line":697,"column":4},"end":{"line":712,"column":5}},"213":{"start":{"line":698,"column":6},"end":{"line":698,"column":25}},"214":{"start":{"line":700,"column":6},"end":{"line":700,"column":87}},"215":{"start":{"line":701,"column":6},"end":{"line":701,"column":37}},"216":{"start":{"line":702,"column":6},"end":{"line":702,"column":36}},"217":{"start":{"line":703,"column":11},"end":{"line":712,"column":5}},"218":{"start":{"line":704,"column":6},"end":{"line":704,"column":25}},"219":{"start":{"line":706,"column":6},"end":{"line":706,"column":35}},"220":{"start":{"line":707,"column":6},"end":{"line":707,"column":35}},"221":{"start":{"line":709,"column":6},"end":{"line":709,"column":38}},"222":{"start":{"line":710,"column":6},"end":{"line":710,"column":76}},"223":{"start":{"line":711,"column":6},"end":{"line":711,"column":75}},"224":{"start":{"line":715,"column":2},"end":{"line":756,"column":4}},"225":{"start":{"line":716,"column":4},"end":{"line":719,"column":5}},"226":{"start":{"line":717,"column":6},"end":{"line":717,"column":25}},"227":{"start":{"line":718,"column":6},"end":{"line":718,"column":13}},"228":{"start":{"line":720,"column":4},"end":{"line":755,"column":5}},"229":{"start":{"line":721,"column":6},"end":{"line":721,"column":25}},"230":{"start":{"line":723,"column":6},"end":{"line":723,"column":80}},"231":{"start":{"line":725,"column":6},"end":{"line":725,"column":74}},"232":{"start":{"line":726,"column":6},"end":{"line":726,"column":91}},"233":{"start":{"line":728,"column":6},"end":{"line":731,"column":7}},"234":{"start":{"line":729,"column":8},"end":{"line":729,"column":100}},"235":{"start":{"line":730,"column":8},"end":{"line":730,"column":49}},"236":{"start":{"line":732,"column":11},"end":{"line":755,"column":5}},"237":{"start":{"line":733,"column":6},"end":{"line":733,"column":25}},"238":{"start":{"line":735,"column":6},"end":{"line":735,"column":35}},"239":{"start":{"line":736,"column":6},"end":{"line":736,"column":35}},"240":{"s
[...]
) { return obj && obj.__esModule ? obj : { default: obj }; }","","function _classCallCheck(instance, Constructor) { if (!(instance instanceof Constructor)) { throw new TypeError(\"Cannot call a class as a function\"); } }","","function _possibleConstructorReturn(self, call) { if (!self) { throw new ReferenceError(\"this hasn't been initialised - super() hasn't been called\"); } return call && (typeof call === \"object\" || typeof call === \"function\") ? call : self; }","","function _inherits(subClass, superClass) { if (typeof superClass !== \"function\" && superClass !== null) { throw new TypeError(\"Super expression must either be null or a function, not \" + typeof superClass); } subClass.prototype = Object.create(superClass && superClass.prototype, { constructor: { value: subClass, enumerable: false, writable: true, configurable: true } }); if (superClass) Object.setPrototypeOf ? Object.setPrototypeOf(subClass, superClass) : subClass.__proto__ = superClass; }","","var TodayLine = function (_Component) {","  _inherits(TodayLine, _Component);","","  function TodayLine() {","    _classCallCheck(this, TodayLine);","","    return _possibleConstructorReturn(this, (TodayLine.__proto__ || Object.getPrototypeOf(TodayLine)).apply(this, arguments));","  }","","  _createClass(TodayLine, [{","    key: 'render',","","    // TODO: should currentTime come from a prop? probably...?","    value: function render() {","      var currentTime = new Date().getTime();","","      if (currentTime > this.props.canvasTimeStart && currentTime < this.props.canvasTimeEnd) {","        var ratio = this.props.canvasWidth / (this.props.canvasTimeEnd - this.props.canvasTimeStart);","        var left = Math.round((currentTime - this.props.canvasTimeStart) * ratio);","        var top = this.props.headerHeight;","        var height = this.props.height - this.props.headerHeight;","        var styles = {","          top: top + 'px',","          left: left + 'px',","          height: height + 'px'","        };","","        return _react2.default.createElement('div', { className: 'rct-today', style: styles });","      } else {","        return _react2.default.createElement('div', null);","      }","    }","  }]);","","  return TodayLine;","}(_react.Component);","","exports.default = TodayLine;","","TodayLine.propTypes = {","  canvasTimeStart: _react2.default.PropTypes.number.isRequired,","  canvasTimeEnd: _react2.default.PropTypes.number.isRequired,","  canvasWidth: _react2.default.PropTypes.number.isRequired,","  lineHeight: _react2.default.PropTypes.number.isRequired,","  lineCount: _react2.default.PropTypes.number.isRequired","};","TodayLine.defaultProps = {};"],"l":{"3":1,"7":1,"9":1,"11":1,"13":1,"15":1,"17":1,"19":1,"21":1,"22":1,"24":1,"25":0,"27":0,"30":1,"35":0,"37":0,"38":0,"39":0,"40":0,"41":0,"42":0,"48":0,"50":0,"55":1,"58":1,"60":1,"67":1}},"/home/travis/build/npmtest/node-npmtest-react-calendar-timeline/node_modules/react-calendar-timeline/modules/lib/lines/VerticalLines.js":{"path":"/home/travis/build/npmtest/node-npmtest-react-calendar-timeline/node_modules/react-calendar-timeline/modules/lib/lines/VerticalLines.js","s":{"1":1,"2":1,"3":1,"4":1,"5":2,"6":2,"7":2,"8":2,"9":2,"10":2,"11":1,"12":1,"13":1,"14":1,"15":0,"16":1,"17":1,"18":1,"19":1,"20":1,"21":1,"22":1,"23":0,"24":0,"25":1,"26":0,"27":0,"28":0,"29":1,"30":1,"31":0,"32":1,"33":1,"34":1,"35":1,"36":1,"37":1,"38":0,"39":0,"40":1,"41":0,"42":0,"43":0,"44":0,"45":0,"46":0,"47":0,"48":0,"49":0,"50":0,"51":0,"52":0,"53":0,"54":0,"55":0,"56":1,"57":1,"58":1,"59":1},"b":{"1":[2,2],"2":[2,0],"3":[1,0],"4":[0,1],"5":[0,1],"6":[1,1],"7":[0,0],"8":[0,0],"9":[0,0],"10":[0,0,0],"11":[0,1],"12":[1,0],"13":[1,1],"14":[1,0],"15":[1,0],"16":[0,0],"17":[0,0,0,0,0,0,0,0,0,0],"18":[0,0],"19":[0,0],"20":[0,0],"21":[0,0],"22":[0,0],"23":[0,0],"24":[0,0],"25":[0,0,0]},"f":{"1":1,"2":1,"3":1,"4":1,"5":0,"6":0,"7":1,"8":1,"9":0,"10":0,"11":0,"12":0},"fnMap":{"1":{"name":"(anonymous_1)","line":7,"loc":{"start":{"line":7,"column":19},"end":{"line":7,"column":31}}},"2":{"name":"defineProperties","line":7,"loc":{"start":{"line":7,"column":33},"end":{"line":7,"column":74}}},"3":{"name":"(anonymous_3)","line":7,"loc":{"start":{"line":7,"column":357},"end":{"line":7,"column":405}}},"4":{"name":"_interopRequireDefault","line":15,"loc":{"start":{"line":15,"column":0},"end":{"line":15,"column":37}}},"5":{"name":"_classCallCheck","line":17,"loc":{"start":{"line":17,"column":0},"end":{"line":17,"column":48}}},"6":{"name":"_possibleConstructorReturn","line":19,"loc":{"start":{"line":19,"column":0},"end":{"line":19,"column":48}}},"7":{"name":"_inherits","line":21,"loc":{"start":{"line":21,"column":0},"end":{"line":21,"column":41}}},"8":{"name":"(anonymous_8)","line":23,"loc":{"start":{"line":23,"column":20},"end":{"line":23,"column":42}}},"9":{"name":"VerticalLines","line":26,"loc":{"start":{"line":26,"column":2},"end":{"line":26,"column":27}}},"10":{"name":"shouldComponentUpdate","line":34,"loc":{"start":{"line":34,"column":11},"end":{"line":34,"column":64}}},"11":{"name":"render","line":39,"loc":{"start":{"line":39,"column":11},"end":{"line":39,"column":29}}},"12":{"name":"(anonymous_12)","line":55,"loc":{"start":{"line":55,"column":83},"end":{"line":55,"column":109}}}},"statementMap":{"1":{"start":{"line":3,"column":0},"end":{"line":5,"column":3}},"2":{"start":{"line":7,"column":0},"end":{"line":7,"column":564}},"3":{"start":{"line":7,"column":33},"end":{"line":7,"column":349}},"4":{"start":{"line":7,"column":76},"end":{"line":7,"column":347}},"5":{"start":{"line":7,"column":117},"end":{"line":7,"column":143}},"6":{"start":{"line":7,"column":144},"end":{"line":7,"column":199}},"7":{"start":{"line":7,"column":200},"end":{"line":7,"column":231}},"8":{"start":{"line":7,"column":232},"end":{"line":7,"column":286}},"9":{"start":{"line":7,"column":259},"end":{"line":7,"column":286}},"10":{"start":{"line":7,"column":287},"end":{"line":7,"column":345}},"11":{"start":{"line":7,"column":350},"end":{"line":7,"column":559}},"12":{"start":{"line":7,"column":407},"end":{"line":7,"column":475}},"13":{"start":{"line":7,"column":423},"end":{"line":7,"column":475}},"14":{"start":{"line":7,"column":476},"end":{"line":7,"column":536}},"15":{"start":{"line":7,"column":493},"end":{"line":7,"column":536}},"16":{"start":{"line":7,"column":537},"end":{"line":7,"column":556}},"17":{"start":{"line":9,"column":0},"end":{"line":9,"column":30}},"18":{"start":{"line":11,"column":0},"end":{"line":11,"column":45}},"19":{"start":{"line":13,"column":0},"end":{"line":13,"column":36}},"20":{"start":{"line":15,"column":0},"end":{"line":15,"column":95}},"21":{"start":{"line":15,"column":39},"end":{"line":15,"column":93}},"22":{"start":{"line":17,"column":0},"end":{"line":17,"column":153}},"23":{"start":{"line":17,"column":50},"end":{"line":17,"column":151}},"24":{"start":{"line":17,"column":92},"end":{"line":17,"column":149}},"25":{"start":{"line":19,"column":0},"end":{"line":19,"column":240}},"26":{"start":{"line":19,"column":50},"end":{"line":19,"column":151}},"27":{"start":{"line":19,"column":63},"end":{"line":19,"column":149}},"28":{"start":{"line":19,"column":152},"end":{"line":19,"column":238}},"29":{"start":{"line":21,"column":0},"end":{"line":21,"column":494}},"30":{"start":{"line":21,"column":43},"end":{"line":21,"column":208}},"31":{"start":{"line":21,"column":106},"end":{"line":21,"column":206}},"32":{"start":{"line":21,"column":209},"end":{"line":21,"column":373}},"33":{"start":{"line":21,"column":374},"end":{"line":21,"column":492}},"34":{"start":{"line":21,"column":390},"end":{"line":21,"column":492}},"35":{"start":{"line":23,"column":0},"end":{"line":84,"column":20}},"36":{"start":{"line":24,"column":2},"end":{"line":24,"column":39}},"37":{"start":{"line":26,"column":2},"end":{"line":30,"column":3}},"38":{"start":{"line":27,"column":4},"end":{"line":27,"column":41}},"39":{"start":{"line":29,"column":4},"end":{"line":29,"column":134}},"40":{"start":{"line":32,"column":2},"end":{"line":81,"column":6}},"41":{"start":{"line":35,"column":6},"end":{"line":35,"column":519}},"42":{"start":{"line":40,"column":6},"end":{"line":40,"column":24}},"43":{"start":{"line":42,"column":6},"end":{"line":49,"column":45}},"44":{"start":{"line":51,"column":6},"end":{"line":51,"column":66}},"45":{"start":{"line":53,"column":6},"end":{"line":53,"column":21}},"46":{"start":{"line":55,"column":6},"end":{"line":73,"column":9}},"47":{"start":{"line":56,"column":8},"end":{"line":56,"column":78}},"48":{"start":{"line":57,"column":8},"end":{"line":57,"column":74}},"49":{"start":{"line":58,"column":8},"end":{"line":58,"column":71}},"50":{"start":{"line":59,"column":8},"end":{"line":59,"column":44}},"51":{"start":{"line":60,"column":8},"end":{"line":60,"column":94}},"52":{"start":{"line":61,"column":8},"end":{"line":61,"column":84}},"53":{"start":{"line":63,"column":8},"end":{"line":63,"column":173}},"54":{"start":{"line":65,"column":8},"end":{"line":72,"column":16}},"55":{"start":{"line":75,"column":6},"end":{"line":79,"column":8}},"56":{"start":{"line":83,"column":2},"end":{"line":83,"column":23}},"57":{"start":{"line":86,"column":0},"end":{"line":86,"column":32}},"58":{"start":{"line":89,"column":0},"end":{"line":98,"column":2}},"59":{"start":{"line":99,"column":0},"end":{"line":102,"column":2}}},"branchMap":{"1":{"line":7,"type":"binary-expr","locations":[{"start":{"line":7,"column":168},"end":{"line":7,"column":189}},{"start":{"line":7,"column":193},"end":{"line":7,"column":198}}]},"2":{"line":7,"type":"if","locations":[{"start":{"line":7,"column":232},"end":{"line":7,"column":232}},{"start":{"line":7,"column":232},"end":{"line":7,"column":232}}]},"3":{"line":7,"type":"if","locations":[{"start":{"line":7,"column":407},"end":{"line":7,"column":407}},{"start":{"line":7,"column":407},"end":{"line":7,"column":407}}]},"4":{"line":7,"type":"if","locations":[{"start":{"line":7,"column":476},"end":{"line":7,"column":476}},{"start":{"line":7,"column":476},"end":{"line":7,"column":476}}]},"5":{"line":15,"type":"cond-expr","locations":[{"start":{"line":15,"column":70},"end":{"line":15,"column":73}},{"start":{"line":15,"column":76},"end":{"line":15,"column":92}}]},"6":{"line":15,"type":"binary-expr","locations":[{"start":{"line":15,"column":46},"end":{"line":15,"column":49}},{"start":{"line":15,"column":53},"end":{"line":15,"column":67}}]},"7":{"line":17,"type":"if","locations":[{"start":{"line":17,"column":50},"end":{"line":17,"column":50}},{"start":{"line":17,"column":50},"end":{"line":17,"column":50}}]},"8":{"line":19,"type":"if","locations":[{"start":{"line":19,"column":50},"end":{"line":19,"column":50}},{"start":{"line":19,"column":50},"end":{"line":19,"column":50}}]},"9":{"line":19,"type":"cond-expr","locations":[{"start":{"line":19,"column":226},"end":{"line":19,"column":230}},{"start":{"line":19,"column":233},"end":{"line":19,"column":237}}]},"10":{"line":19,"type":"binary-expr","locations":[{"start":{"line":19,"column":159},"end":{"line":19,"column":163}},{"start":{"line":19,"column":168},"end":{"line":19,"column":192}},{"start":{"line":19,"column":196},"end":{"line":19,"column":222}}]},"11":{"line":21,"type":"if","locations":[{"start":{"line":21,"column":43},"end":{"line":21,"column":43}},{"start":{"line":21,"column":43},"end":{"line":21,"column":43}}]},"12":{"line":21,"type":"binary-expr","locations":[{"start":{"line":21,"column":47},"end":{"line":21,"column":79}},{"start":{"line":21,"column":83},"end":{"line":21,"column":102}}]},"13":{"line":21,"type":"binary-expr","locations":[{"start":{"line":21,"column":244},"end":{"line":21,"column":254}},{"start":{"line":21,"column":258},"end":{"line":21,"column":278}}]},"14":{"line":21,"type":"if","locations":[{"start":{"line":21,"column":374},"end":{"line":21,"column":374}},{"start":{"line":21,"column":374},"end":{"line":21,"column":374}}]},"15":{"line":21,"type":"cond-expr","locations":[{"start":{"line":21,"column":414},"end":{"line":21,"column":457}},{"start":{"line":21,"column":460},"end":{"line":21,"column":491}}]},"16":{"line":29,"type":"binary-expr","locations":[{"start":{"line":29,"column":45},"end":{"line":29,"column":68}},{"start":{"line":29,"column":72},"end":{"line":29,"column":108}}]},"17":{"line":35,"type":"binary-expr","locations":[{"start":{"line":35,"column":15},"end":{"line":35,"column":71}},{"start":{"line":35,"column":75},"end":{"line":35,"column":127}},{"start":{"line":35,"column":131},"end":{"line":35,"column":179}},{"start":{"line":35,"column":183},"end":{"line":35,"column":229}},{"start":{"line":35,"column":233},"end":{"line":35,"column":277}},{"start":{"line":35,"column":281},"end":{"line":35,"column":321}},{"start":{"line":35,"column":325},"end":{"line":35,"column":369}},{"start":{"line":35,"column":373},"end":{"line":35,"column":421}},{"start":{"line":35,"column":425},"end":{"line":35,"column":463}},{"start":{"line":35,"column":467},"end":{"line":35,"column":517}}]},"18":{"line":57,"type":"cond-expr","locations":[{"start":{"line":57,"column":56},"end":{"line":57,"column":62}},{"start":{"line":57,"column":65},"end":{"line":57,"column":72}}]},"19":{"line":58,"type":"cond-expr","locations":[{"start":{"line":58,"column":64},"end":{"line":58,"column":65}},{"start":{"line":58,"column":68},"end":{"line":58,"column":69}}]},"20":{"line":59,"type":"cond-expr","locations":[{"start":{"line":59,"column":38},"end":{"line":59,"column":39}},{"start":{"line":59,"column":42},"end":{"line":59,"column":43}}]},"21":{"line":61,"type":"cond-expr","locations":[{"start":{"line":61,"column":77},"end":{"line":61,"column":79}},{"start":{"line":61,"column":82},"end":{"line":61,"column":83}}]},"22":{"line":61,"type":"binary-expr","locations":[{"start":{"line":61,"column":23},"end":{"line":61,"column":59}},{"start":{"line":61,"column":63},"end":{"line":61,"column":74}}]},"23":{"line":63,"type":"cond-expr","locations":[{"start":{"line":63,"column":51},"end":{"line":63,"column":66}},{"start":{"line":63,"column":69},"end":{"line":63,"column":71}}]},"24":{"line":63,"type":"cond-expr","locations":[{"start":{"line":63,"column":142},"end":{"line":63,"column":166}},{"start":{"line":63,"column":169},"end":{"line":63,"column":171}}]},"25":{"line":63,"type":"binary-expr","locations":[{"start":{"line":63,"column":76},"end":{"line":63,"column":93}},{"start":{"line":63,"column":97},"end":{"line":63,"column":115}},{"start":{"line":63,"column":119},"end":{"line":63,"column":139}}]}},"code":["'use strict';","","Object.defineProperty(exports, \"__esModule\", {","  value: true","});","","var _createClass = function () { function defineProperties(target, props) { for (var i = 0; i < props.length; i++) { var descriptor = props[i]; descriptor.enumerable = descriptor.enumerable || false; descriptor.configurable = true; if (\"value\" in descriptor) descriptor.writable = true; Object.defineProperty(target, descriptor.key, descriptor); } } return function (Constructor, protoProps, staticProps) { if (protoProps) defineProperties(Constructor.prototype, protoProps); if (staticProps) defineProperties(Constructor, staticProps); return Constructor; }; }();","","var _react = require('react');","","var _react2 = _interopRequireDefault(_react);","","var _utils = require('../utils.js');","","function _interopRequireDefault(obj) { return obj && obj.__esModule ? obj : { default: obj }; }","","function _classCallCheck(instance, Constructor) { if (!(instance instanceof Constructor)) { throw new TypeError(\"Cannot call a class as a function\"); } }","","function _possibleConstructorReturn(self, call) { if (!self) { throw new ReferenceError(\"this hasn't been initialised - super() hasn't been called\"); } return call && (typeof call === \"object\" || typeof call === \"function\") ? call : self; }","","function _inherits(subClass, superClass) { if (typeof superClass !== \"function\" && superClass !== null) { throw new TypeError(\"Super expression must either be null or a function, not \" + typeof superClass); } subClass.prototype = Object.create(superClass && superClass.prototype, { constructor: { value: subClass, enumerable: false, writable: true, configurable: true } }); if (superClass) Object.setPrototypeOf ? Object.setPrototypeOf(subClass, superClass) : subClass.__proto__ = superClass; }","","var VerticalLines = function (_Component) {","  _inherits(VerticalLines, _Component);","","  function VerticalLines() {","    _classCallCheck(this, VerticalLines);","","    return _possibleConstructorReturn(this, (VerticalLines.__proto__ || Object.getPrototypeOf(VerticalLines)).apply(this, arguments));","  }","","  _createClass(VerticalLines, [{","    key: 'shouldComponentUpdate',","    value: function shouldComponentUpdate(nextProps, nextState) {","      return !(nextProps.canvasTimeStart === this.props.canvasTimeStart && nextProps.canvasTimeEnd === this.props.canvasTimeEnd && nextProps.canvasWidth === this.props.canvasWidth && nextProps.lineHeight === this.props.lineHeight && nextProps.lineCount === this.props.lineCount && nextProps.minUnit === this.props.minUnit && nextProps.timeSteps === this.props.timeSteps && nextProps.fixedHeader === this.props.fixedHeader && nextProps.height === this.props.height && nextProps.headerHeight === this.props.headerHeight);","    }","  }, {","    key: 'render',","    value: function render() {","      var _this2 = this;","","      var _props = this.props,","          canvasTimeStart = _props.canvasTimeStart,","          canvasTimeEnd = _props.canvasTimeEnd,","          canvasWidth = _props.canvasWidth,","          minUnit = _props.minUnit,","          timeSteps = _props.timeSteps,","          height = _props.height,","          headerHeight = _props.headerHeight;","","      var ratio = canvasWidth / (canvasTimeEnd - canvasTimeStart);","","      var lines = [];","","      (0, _utils.iterateTimes)(canvasTimeStart, canvasTimeEnd, minUnit, timeSteps, function (time, nextTime) {","        var left = Math.round((time.valueOf() - canvasTimeStart) * ratio, -2);","        var minUnitValue = time.get(minUnit === 'day' ? 'date' : minUnit);","        var firstOfType = minUnitValue === (minUnit === 'day' ? 1 : 0);","        var lineWidth = firstOfType ? 2 : 1;","        var labelWidth = Math.ceil((nextTime.valueOf() - time.valueOf()) * ratio) - lineWidth;","        var leftPush = _this2.props.fixedHeader === 'fixed' && firstOfType ? -1 : 0;","","        var classNames = 'rct-vl' + (firstOfType ? ' rct-vl-first' : '') + (minUnit === 'day' || minUnit === 'hour' || minUnit === 'minute' ? ' rct-day-' + time.day() : '');","","        lines.push(_react2.default.createElement('div', { key: 'line-' + time.valueOf(),","          className: classNames,","          style: {","            top: headerHeight + 'px',","            left: left + leftPush + 'px',","            width: labelWidth + 'px',","            height: height - headerHeight + 'px'","          } }));","      });","","      return _react2.default.createElement(","        'div',","        { className: 'rct-vertical-lines' },","        lines","      );","    }","  }]);","","  return VerticalLines;","}(_react.Component);","","exports.default = VerticalLines;","","","VerticalLines.propTypes = {","  canvasTimeStart: _react2.default.PropTypes.number.isRequired,","  canvasTimeEnd: _react2.default.PropTypes.number.isRequired,","  canvasWidth: _react2.default.PropTypes.number.isRequired,","  lineHeight: _react2.default.PropTypes.number.isRequired,","  lineCount: _react2.default.PropTypes.number.isRequired,","  minUnit: _react2.default.PropTypes.string.isRequired,","  timeSteps: _react2.default.PropTypes.object.isRequired,","  fixedHeader: _react2.default.PropTypes.string.isRequired","};","VerticalLines.defaultProps = {","  fixedHeader: 'none',","  dayBackground: null","};"],"l":{"3":1,"7":2,"9":1,"11":1,"13":1,"15":1,"17":1,"19":1,"21":1,"23":1,"24":1,"26":1,"27":0,"29":0,"32":1,"35":0,"40":0,"42":0,"51":0,"53":0,"55":0,"56":0,"57":0,"58":0,"59":0,"60":0,"61":0,"63":0,"65":0,"75":0,"83":1,"86":1,"89":1,"99":1}}}